16:20:37 **** Incremental Build of configuration Debug for project const-keyword ****
make all 
Building file: ../main.cpp
Invoking: Cross G++ Compiler
g++ -O0 -g3 -Wall -c -fmessage-length=0 -MMD -MP -MF"main.d" -MT"main.d" -o "main.o" "../main.cpp"
../main.cpp: In function ‘void exp1()’:
../main.cpp:36:19: warning: unused variable ‘p3’ [-Wunused-variable]
  const int *const p3 = &i; // data is const int, pointer is also const
                   ^
../main.cpp:39:13: warning: unused variable ‘p4’ [-Wunused-variable]
  int const *p4 = &i;  // pointer to int that is const
             ^
../main.cpp:40:13: warning: unused variable ‘p5’ [-Wunused-variable]
  const int *p5 = &i;  // Same, pointer to const int
             ^
../main.cpp:45:6: warning: unused variable ‘j’ [-Wunused-variable]
  int j = 9;
      ^
Finished building: ../main.cpp
 
Building target: const-keyword
Invoking: Cross G++ Linker
g++  -o "const-keyword"  ./main.o   
Finished building target: const-keyword
 

16:20:38 Build Finished (took 258ms)

