15:14:23 **** Build of configuration Debug for project const-keyword ****
make all 
Building file: ../main.cpp
Invoking: Cross G++ Compiler
g++ -O0 -g3 -Wall -c -fmessage-length=0 -MMD -MP -MF"main.d" -MT"main.d" -o "main.o" "../main.cpp"
Finished building: ../main.cpp
 
Building target: const-keyword
Invoking: Cross G++ Linker
g++  -o "const-keyword"  ./main.o   
Finished building target: const-keyword
 
15:14:37 **** Incremental Build of configuration Debug for project const-keyword ****
make all 
make: Nothing to be done for `all'.
15:14:49 **** Incremental Build of configuration Debug for project const-keyword ****
make all 
make: Nothing to be done for `all'.
15:14:56 **** Clean-only build of configuration Debug for project const-keyword ****
make clean 
rm -rf  ./main.o  ./main.d  const-keyword
 
15:14:59 **** Build of configuration Debug for project const-keyword ****
make all 
Building file: ../main.cpp
Invoking: Cross G++ Compiler
g++ -O0 -g3 -Wall -c -fmessage-length=0 -MMD -MP -MF"main.d" -MT"main.d" -o "main.o" "../main.cpp"
Finished building: ../main.cpp
 
Building target: const-keyword
Invoking: Cross G++ Linker
g++  -o "const-keyword"  ./main.o   
Finished building target: const-keyword
 
15:15:20 **** Clean-only build of configuration Debug for project const-keyword ****
make clean 
rm -rf  ./main.o  ./main.d  const-keyword
 
15:15:23 **** Build of configuration Debug for project const-keyword ****
make all 
Building file: ../main.cpp
Invoking: Cross G++ Compiler
g++ -O0 -g3 -Wall -c -fmessage-length=0 -MMD -MP -MF"main.d" -MT"main.d" -o "main.o" "../main.cpp"
Finished building: ../main.cpp
 
Building target: const-keyword
Invoking: Cross G++ Linker
g++  -o "const-keyword"  ./main.o   
Finished building target: const-keyword
 
15:15:42 **** Clean-only build of configuration Debug for project const-keyword ****
make clean 
rm -rf  ./main.o  ./main.d  const-keyword
 
15:15:54 **** Clean-only build of configuration Debug for project const-keyword ****
make clean 
rm -rf  ./main.o  ./main.d  const-keyword
 
15:15:57 **** Build of configuration Debug for project const-keyword ****
make all 
Building file: ../main.cpp
Invoking: Cross G++ Compiler
g++ -O0 -g3 -Wall -c -fmessage-length=0 -MMD -MP -MF"main.d" -MT"main.d" -o "main.o" "../main.cpp"
../main.cpp: In function ‘int main(int, char**)’:
../main.cpp:25:5: error: assignment of read-only variable ‘p2’
  p2 = &i;
     ^
../main.cpp:25:5: error: invalid conversion from ‘const int*’ to ‘int*’ [-fpermissive]
make: *** [main.o] Error 1
15:22:13 **** Clean-only build of configuration Debug for project const-keyword ****
make clean 
rm -rf  ./main.o  ./main.d  const-keyword
 
15:22:16 **** Build of configuration Debug for project const-keyword ****
make all 
Building file: ../main.cpp
Invoking: Cross G++ Compiler
g++ -O0 -g3 -Wall -c -fmessage-length=0 -MMD -MP -MF"main.d" -MT"main.d" -o "main.o" "../main.cpp"
../main.cpp: In function ‘int main(int, char**)’:
../main.cpp:27:19: error: uninitialized const ‘p3’ [-fpermissive]
  const int *const p3; // data is const int, pointer is also const
                   ^
../main.cpp:31:13: error: redeclaration of ‘const int* p4’
  const int *p4 = &i;  // Same, pointer to const int
             ^
../main.cpp:30:13: error: ‘const int* p4’ previously declared here
  int const *p4 = &i;  // pointer to int that is const
             ^
../main.cpp:27:19: warning: unused variable ‘p3’ [-Wunused-variable]
  const int *const p3; // data is const int, pointer is also const
                   ^
../main.cpp:30:13: warning: unused variable ‘p4’ [-Wunused-variable]
  int const *p4 = &i;  // pointer to int that is const
             ^
../main.cpp:36:6: warning: unused variable ‘j’ [-Wunused-variable]
  int j = 9;
      ^
make: *** [main.o] Error 1
15:22:38 **** Clean-only build of configuration Debug for project const-keyword ****
make clean 
rm -rf  ./main.o  ./main.d  const-keyword
 
15:22:43 **** Build of configuration Debug for project const-keyword ****
make all 
Building file: ../main.cpp
Invoking: Cross G++ Compiler
g++ -O0 -g3 -Wall -c -fmessage-length=0 -MMD -MP -MF"main.d" -MT"main.d" -o "main.o" "../main.cpp"
../main.cpp: In function ‘int main(int, char**)’:
../main.cpp:27:19: error: uninitialized const ‘p3’ [-fpermissive]
  const int *const p3; // data is const int, pointer is also const
                   ^
../main.cpp:27:19: warning: unused variable ‘p3’ [-Wunused-variable]
../main.cpp:30:13: warning: unused variable ‘p4’ [-Wunused-variable]
  int const *p4 = &i;  // pointer to int that is const
             ^
../main.cpp:31:13: warning: unused variable ‘p5’ [-Wunused-variable]
  const int *p5 = &i;  // Same, pointer to const int
             ^
../main.cpp:36:6: warning: unused variable ‘j’ [-Wunused-variable]
  int j = 9;
      ^
make: *** [main.o] Error 1
15:23:13 **** Incremental Build of configuration Debug for project const-keyword ****
make all 
Building file: ../main.cpp
Invoking: Cross G++ Compiler
g++ -O0 -g3 -Wall -c -fmessage-length=0 -MMD -MP -MF"main.d" -MT"main.d" -o "main.o" "../main.cpp"
../main.cpp: In function ‘int main(int, char**)’:
../main.cpp:27:19: warning: unused variable ‘p3’ [-Wunused-variable]
  const int *const p3 = &i; // data is const int, pointer is also const
                   ^
../main.cpp:30:13: warning: unused variable ‘p4’ [-Wunused-variable]
  int const *p4 = &i;  // pointer to int that is const
             ^
../main.cpp:31:13: warning: unused variable ‘p5’ [-Wunused-variable]
  const int *p5 = &i;  // Same, pointer to const int
             ^
../main.cpp:36:6: warning: unused variable ‘j’ [-Wunused-variable]
  int j = 9;
      ^
Finished building: ../main.cpp
 
Building target: const-keyword
Invoking: Cross G++ Linker
g++  -o "const-keyword"  ./main.o   
Finished building target: const-keyword
 
15:23:41 **** Clean-only build of configuration Debug for project const-keyword ****
make clean 
rm -rf  ./main.o  ./main.d  const-keyword
 
15:23:44 **** Build of configuration Debug for project const-keyword ****
make all 
Building file: ../main.cpp
Invoking: Cross G++ Compiler
g++ -O0 -g3 -Wall -c -fmessage-length=0 -MMD -MP -MF"main.d" -MT"main.d" -o "main.o" "../main.cpp"
../main.cpp: In function ‘int main(int, char**)’:
../main.cpp:27:19: warning: unused variable ‘p3’ [-Wunused-variable]
  const int *const p3 = &i; // data is const int, pointer is also const
                   ^
../main.cpp:30:13: warning: unused variable ‘p4’ [-Wunused-variable]
  int const *p4 = &i;  // pointer to int that is const
             ^
../main.cpp:31:13: warning: unused variable ‘p5’ [-Wunused-variable]
  const int *p5 = &i;  // Same, pointer to const int
             ^
../main.cpp:36:6: warning: unused variable ‘j’ [-Wunused-variable]
  int j = 9;
      ^
Finished building: ../main.cpp
 
Building target: const-keyword
Invoking: Cross G++ Linker
g++  -o "const-keyword"  ./main.o   
Finished building target: const-keyword
 
15:25:16 **** Clean-only build of configuration Debug for project const-keyword ****
make clean 
rm -rf  ./main.o  ./main.d  const-keyword
 
15:25:20 **** Build of configuration Debug for project const-keyword ****
make all 
Building file: ../main.cpp
Invoking: Cross G++ Compiler
g++ -O0 -g3 -Wall -c -fmessage-length=0 -MMD -MP -MF"main.d" -MT"main.d" -o "main.o" "../main.cpp"
../main.cpp: In function ‘int main(int, char**)’:
../main.cpp:42:29: error: assignment of read-only location ‘*(const int*)(& z)’
  static_cast<const int&>(z) = 7;
                             ^
../main.cpp:27:19: warning: unused variable ‘p3’ [-Wunused-variable]
  const int *const p3 = &i; // data is const int, pointer is also const
                   ^
../main.cpp:30:13: warning: unused variable ‘p4’ [-Wunused-variable]
  int const *p4 = &i;  // pointer to int that is const
             ^
../main.cpp:31:13: warning: unused variable ‘p5’ [-Wunused-variable]
  const int *p5 = &i;  // Same, pointer to const int
             ^
../main.cpp:36:6: warning: unused variable ‘j’ [-Wunused-variable]
  int j = 9;
      ^
make: *** [main.o] Error 1
15:26:01 **** Incremental Build of configuration Debug for project const-keyword ****
make all 
Building file: ../main.cpp
Invoking: Cross G++ Compiler
g++ -O0 -g3 -Wall -c -fmessage-length=0 -MMD -MP -MF"main.d" -MT"main.d" -o "main.o" "../main.cpp"
../main.cpp: In function ‘int main(int, char**)’:
../main.cpp:43:28: warning: statement has no effect [-Wunused-value]
  static_cast<const int&>(z);
                            ^
../main.cpp:27:19: warning: unused variable ‘p3’ [-Wunused-variable]
  const int *const p3 = &i; // data is const int, pointer is also const
                   ^
../main.cpp:30:13: warning: unused variable ‘p4’ [-Wunused-variable]
  int const *p4 = &i;  // pointer to int that is const
             ^
../main.cpp:31:13: warning: unused variable ‘p5’ [-Wunused-variable]
  const int *p5 = &i;  // Same, pointer to const int
             ^
../main.cpp:36:6: warning: unused variable ‘j’ [-Wunused-variable]
  int j = 9;
      ^
Finished building: ../main.cpp
 
Building target: const-keyword
Invoking: Cross G++ Linker
g++  -o "const-keyword"  ./main.o   
Finished building target: const-keyword
 
15:26:16 **** Incremental Build of configuration Debug for project const-keyword ****
make all 
Building file: ../main.cpp
Invoking: Cross G++ Compiler
g++ -O0 -g3 -Wall -c -fmessage-length=0 -MMD -MP -MF"main.d" -MT"main.d" -o "main.o" "../main.cpp"
../main.cpp: In function ‘int main(int, char**)’:
../main.cpp:43:28: warning: statement has no effect [-Wunused-value]
  static_cast<const int&>(z);
                            ^
../main.cpp:27:19: warning: unused variable ‘p3’ [-Wunused-variable]
  const int *const p3 = &i; // data is const int, pointer is also const
                   ^
../main.cpp:30:13: warning: unused variable ‘p4’ [-Wunused-variable]
  int const *p4 = &i;  // pointer to int that is const
             ^
../main.cpp:31:13: warning: unused variable ‘p5’ [-Wunused-variable]
  const int *p5 = &i;  // Same, pointer to const int
             ^
../main.cpp:36:6: warning: unused variable ‘j’ [-Wunused-variable]
  int j = 9;
      ^
Finished building: ../main.cpp
 
Building target: const-keyword
Invoking: Cross G++ Linker
g++  -o "const-keyword"  ./main.o   
Finished building target: const-keyword
 
15:26:21 **** Clean-only build of configuration Debug for project const-keyword ****
make clean 
rm -rf  ./main.o  ./main.d  const-keyword
 
15:26:48 **** Clean-only build of configuration Debug for project const-keyword ****
make clean 
rm -rf  ./main.o  ./main.d  const-keyword
 
15:26:50 **** Build of configuration Debug for project const-keyword ****
make all 
Building file: ../main.cpp
Invoking: Cross G++ Compiler
g++ -O0 -g3 -Wall -c -fmessage-length=0 -MMD -MP -MF"main.d" -MT"main.d" -o "main.o" "../main.cpp"
../main.cpp: In function ‘int main(int, char**)’:
../main.cpp:43:28: warning: statement has no effect [-Wunused-value]
  static_cast<const int&>(z);
                            ^
../main.cpp:27:19: warning: unused variable ‘p3’ [-Wunused-variable]
  const int *const p3 = &i; // data is const int, pointer is also const
                   ^
../main.cpp:30:13: warning: unused variable ‘p4’ [-Wunused-variable]
  int const *p4 = &i;  // pointer to int that is const
             ^
../main.cpp:31:13: warning: unused variable ‘p5’ [-Wunused-variable]
  const int *p5 = &i;  // Same, pointer to const int
             ^
../main.cpp:36:6: warning: unused variable ‘j’ [-Wunused-variable]
  int j = 9;
      ^
Finished building: ../main.cpp
 
Building target: const-keyword
Invoking: Cross G++ Linker
g++  -o "const-keyword"  ./main.o   
Finished building target: const-keyword
 
15:27:02 **** Incremental Build of configuration Debug for project const-keyword ****
make all 
Building file: ../main.cpp
Invoking: Cross G++ Compiler
g++ -O0 -g3 -Wall -c -fmessage-length=0 -MMD -MP -MF"main.d" -MT"main.d" -o "main.o" "../main.cpp"
../main.cpp: In function ‘int main(int, char**)’:
../main.cpp:43:28: warning: statement has no effect [-Wunused-value]
  static_cast<const int&>(z);
                            ^
../main.cpp:27:19: warning: unused variable ‘p3’ [-Wunused-variable]
  const int *const p3 = &i; // data is const int, pointer is also const
                   ^
../main.cpp:30:13: warning: unused variable ‘p4’ [-Wunused-variable]
  int const *p4 = &i;  // pointer to int that is const
             ^
../main.cpp:31:13: warning: unused variable ‘p5’ [-Wunused-variable]
  const int *p5 = &i;  // Same, pointer to const int
             ^
../main.cpp:36:6: warning: unused variable ‘j’ [-Wunused-variable]
  int j = 9;
      ^
Finished building: ../main.cpp
 
Building target: const-keyword
Invoking: Cross G++ Linker
g++  -o "const-keyword"  ./main.o   
Finished building target: const-keyword
 
15:32:30 **** Incremental Build of configuration Debug for project const-keyword ****
make all 
Building file: ../main.cpp
Invoking: Cross G++ Compiler
g++ -O0 -g3 -Wall -c -fmessage-length=0 -MMD -MP -MF"main.d" -MT"main.d" -o "main.o" "../main.cpp"
../main.cpp: In function ‘int main(int, char**)’:
../main.cpp:35:19: warning: unused variable ‘p3’ [-Wunused-variable]
  const int *const p3 = &i; // data is const int, pointer is also const
                   ^
../main.cpp:38:13: warning: unused variable ‘p4’ [-Wunused-variable]
  int const *p4 = &i;  // pointer to int that is const
             ^
../main.cpp:39:13: warning: unused variable ‘p5’ [-Wunused-variable]
  const int *p5 = &i;  // Same, pointer to const int
             ^
../main.cpp:44:6: warning: unused variable ‘j’ [-Wunused-variable]
  int j = 9;
      ^
Finished building: ../main.cpp
 
Building target: const-keyword
Invoking: Cross G++ Linker
g++  -o "const-keyword"  ./main.o   
Finished building target: const-keyword
 
15:39:21 **** Clean-only build of configuration Debug for project const-keyword ****
make clean 
rm -rf  ./main.o  ./main.d  const-keyword
 
15:39:24 **** Build of configuration Debug for project const-keyword ****
make all 
Building file: ../main.cpp
Invoking: Cross G++ Compiler
g++ -O0 -g3 -Wall -c -fmessage-length=0 -MMD -MP -MF"main.d" -MT"main.d" -o "main.o" "../main.cpp"
../main.cpp: In function ‘void exp1()’:
../main.cpp:35:19: warning: unused variable ‘p3’ [-Wunused-variable]
  const int *const p3 = &i; // data is const int, pointer is also const
                   ^
../main.cpp:38:13: warning: unused variable ‘p4’ [-Wunused-variable]
  int const *p4 = &i;  // pointer to int that is const
             ^
../main.cpp:39:13: warning: unused variable ‘p5’ [-Wunused-variable]
  const int *p5 = &i;  // Same, pointer to const int
             ^
../main.cpp:44:6: warning: unused variable ‘j’ [-Wunused-variable]
  int j = 9;
      ^
Finished building: ../main.cpp
 
Building target: const-keyword
Invoking: Cross G++ Linker
g++  -o "const-keyword"  ./main.o   
Finished building target: const-keyword
 
15:40:15 **** Clean-only build of configuration Debug for project const-keyword ****
make clean 
rm -rf  ./main.o  ./main.d  const-keyword
 
15:40:17 **** Build of configuration Debug for project const-keyword ****
make all 
Building file: ../main.cpp
Invoking: Cross G++ Compiler
g++ -O0 -g3 -Wall -c -fmessage-length=0 -MMD -MP -MF"main.d" -MT"main.d" -o "main.o" "../main.cpp"
../main.cpp: In function ‘void exp1()’:
../main.cpp:36:19: warning: unused variable ‘p3’ [-Wunused-variable]
  const int *const p3 = &i; // data is const int, pointer is also const
                   ^
../main.cpp:39:13: warning: unused variable ‘p4’ [-Wunused-variable]
  int const *p4 = &i;  // pointer to int that is const
             ^
../main.cpp:40:13: warning: unused variable ‘p5’ [-Wunused-variable]
  const int *p5 = &i;  // Same, pointer to const int
             ^
../main.cpp:45:6: warning: unused variable ‘j’ [-Wunused-variable]
  int j = 9;
      ^
Finished building: ../main.cpp
 
Building target: const-keyword
Invoking: Cross G++ Linker
g++  -o "const-keyword"  ./main.o   
Finished building target: const-keyword
 
15:45:09 **** Clean-only build of configuration Debug for project const-keyword ****
make clean 
rm -rf  ./main.o  ./main.d  const-keyword
 
15:45:13 **** Build of configuration Debug for project const-keyword ****
make all 
Building file: ../main.cpp
Invoking: Cross G++ Compiler
g++ -O0 -g3 -Wall -c -fmessage-length=0 -MMD -MP -MF"main.d" -MT"main.d" -o "main.o" "../main.cpp"
../main.cpp: In function ‘void exp1()’:
../main.cpp:36:19: warning: unused variable ‘p3’ [-Wunused-variable]
  const int *const p3 = &i; // data is const int, pointer is also const
                   ^
../main.cpp:39:13: warning: unused variable ‘p4’ [-Wunused-variable]
  int const *p4 = &i;  // pointer to int that is const
             ^
../main.cpp:40:13: warning: unused variable ‘p5’ [-Wunused-variable]
  const int *p5 = &i;  // Same, pointer to const int
             ^
../main.cpp:45:6: warning: unused variable ‘j’ [-Wunused-variable]
  int j = 9;
      ^
../main.cpp: In function ‘void exp2()’:
../main.cpp:77:4: error: request for member ‘setAge’ in ‘d’, which is of non-class type ‘Dog()’
  d.setAge(i);
    ^
make: *** [main.o] Error 1
15:47:20 **** Incremental Build of configuration Debug for project const-keyword ****
make all 
Building file: ../main.cpp
Invoking: Cross G++ Compiler
g++ -O0 -g3 -Wall -c -fmessage-length=0 -MMD -MP -MF"main.d" -MT"main.d" -o "main.o" "../main.cpp"
../main.cpp: In function ‘void exp1()’:
../main.cpp:36:19: warning: unused variable ‘p3’ [-Wunused-variable]
  const int *const p3 = &i; // data is const int, pointer is also const
                   ^
../main.cpp:39:13: warning: unused variable ‘p4’ [-Wunused-variable]
  int const *p4 = &i;  // pointer to int that is const
             ^
../main.cpp:40:13: warning: unused variable ‘p5’ [-Wunused-variable]
  const int *p5 = &i;  // Same, pointer to const int
             ^
../main.cpp:45:6: warning: unused variable ‘j’ [-Wunused-variable]
  int j = 9;
      ^
../main.cpp: In function ‘void exp2()’:
../main.cpp:61:6: error: ‘int Dog::age’ is private
  int age;
      ^
../main.cpp:77:12: error: within this context
  cout << d.age; << endl;
            ^
../main.cpp:77:17: error: expected primary-expression before ‘<<’ token
  cout << d.age; << endl;
                 ^
make: *** [main.o] Error 1
15:47:31 **** Incremental Build of configuration Debug for project const-keyword ****
make all 
Building file: ../main.cpp
Invoking: Cross G++ Compiler
g++ -O0 -g3 -Wall -c -fmessage-length=0 -MMD -MP -MF"main.d" -MT"main.d" -o "main.o" "../main.cpp"
../main.cpp: In function ‘void exp1()’:
../main.cpp:36:19: warning: unused variable ‘p3’ [-Wunused-variable]
  const int *const p3 = &i; // data is const int, pointer is also const
                   ^
../main.cpp:39:13: warning: unused variable ‘p4’ [-Wunused-variable]
  int const *p4 = &i;  // pointer to int that is const
             ^
../main.cpp:40:13: warning: unused variable ‘p5’ [-Wunused-variable]
  const int *p5 = &i;  // Same, pointer to const int
             ^
../main.cpp:45:6: warning: unused variable ‘j’ [-Wunused-variable]
  int j = 9;
      ^
../main.cpp: In function ‘int main(int, char**)’:
../main.cpp:61:6: error: ‘int Dog::age’ is private
  int age;
      ^
../main.cpp:85:12: error: within this context
  cout << d.age; << endl;
            ^
../main.cpp:85:17: error: expected primary-expression before ‘<<’ token
  cout << d.age; << endl;
                 ^
make: *** [main.o] Error 1
15:47:42 **** Clean-only build of configuration Debug for project const-keyword ****
make clean 
rm -rf  ./main.o  ./main.d  const-keyword
 
15:47:45 **** Build of configuration Debug for project const-keyword ****
make all 
Building file: ../main.cpp
Invoking: Cross G++ Compiler
g++ -O0 -g3 -Wall -c -fmessage-length=0 -MMD -MP -MF"main.d" -MT"main.d" -o "main.o" "../main.cpp"
../main.cpp: In function ‘void exp1()’:
../main.cpp:36:19: warning: unused variable ‘p3’ [-Wunused-variable]
  const int *const p3 = &i; // data is const int, pointer is also const
                   ^
../main.cpp:39:13: warning: unused variable ‘p4’ [-Wunused-variable]
  int const *p4 = &i;  // pointer to int that is const
             ^
../main.cpp:40:13: warning: unused variable ‘p5’ [-Wunused-variable]
  const int *p5 = &i;  // Same, pointer to const int
             ^
../main.cpp:45:6: warning: unused variable ‘j’ [-Wunused-variable]
  int j = 9;
      ^
../main.cpp: In function ‘int main(int, char**)’:
../main.cpp:61:6: error: ‘int Dog::age’ is private
  int age;
      ^
../main.cpp:85:12: error: within this context
  cout << d.age; << endl;
            ^
../main.cpp:85:17: error: expected primary-expression before ‘<<’ token
  cout << d.age; << endl;
                 ^
make: *** [main.o] Error 1
15:47:59 **** Clean-only build of configuration Debug for project const-keyword ****
make clean 
rm -rf  ./main.o  ./main.d  const-keyword
 
15:48:02 **** Build of configuration Debug for project const-keyword ****
make all 
Building file: ../main.cpp
Invoking: Cross G++ Compiler
g++ -O0 -g3 -Wall -c -fmessage-length=0 -MMD -MP -MF"main.d" -MT"main.d" -o "main.o" "../main.cpp"
../main.cpp: In function ‘void exp1()’:
../main.cpp:36:19: warning: unused variable ‘p3’ [-Wunused-variable]
  const int *const p3 = &i; // data is const int, pointer is also const
                   ^
../main.cpp:39:13: warning: unused variable ‘p4’ [-Wunused-variable]
  int const *p4 = &i;  // pointer to int that is const
             ^
../main.cpp:40:13: warning: unused variable ‘p5’ [-Wunused-variable]
  const int *p5 = &i;  // Same, pointer to const int
             ^
../main.cpp:45:6: warning: unused variable ‘j’ [-Wunused-variable]
  int j = 9;
      ^
../main.cpp: In function ‘int main(int, char**)’:
../main.cpp:61:6: error: ‘int Dog::age’ is private
  int age;
      ^
../main.cpp:85:12: error: within this context
  cout << d.age << endl;
            ^
make: *** [main.o] Error 1
15:48:28 **** Incremental Build of configuration Debug for project const-keyword ****
make all 
Building file: ../main.cpp
Invoking: Cross G++ Compiler
g++ -O0 -g3 -Wall -c -fmessage-length=0 -MMD -MP -MF"main.d" -MT"main.d" -o "main.o" "../main.cpp"
../main.cpp: In function ‘void exp1()’:
../main.cpp:36:19: warning: unused variable ‘p3’ [-Wunused-variable]
  const int *const p3 = &i; // data is const int, pointer is also const
                   ^
../main.cpp:39:13: warning: unused variable ‘p4’ [-Wunused-variable]
  int const *p4 = &i;  // pointer to int that is const
             ^
../main.cpp:40:13: warning: unused variable ‘p5’ [-Wunused-variable]
  const int *p5 = &i;  // Same, pointer to const int
             ^
../main.cpp:45:6: warning: unused variable ‘j’ [-Wunused-variable]
  int j = 9;
      ^
../main.cpp: In function ‘void exp2()’:
../main.cpp:61:6: error: ‘int Dog::age’ is private
  int age;
      ^
../main.cpp:77:12: error: within this context
  cout << d.age << endl;
            ^
make: *** [main.o] Error 1
15:48:50 **** Incremental Build of configuration Debug for project const-keyword ****
make all 
Building file: ../main.cpp
Invoking: Cross G++ Compiler
g++ -O0 -g3 -Wall -c -fmessage-length=0 -MMD -MP -MF"main.d" -MT"main.d" -o "main.o" "../main.cpp"
../main.cpp: In function ‘void exp1()’:
../main.cpp:36:19: warning: unused variable ‘p3’ [-Wunused-variable]
  const int *const p3 = &i; // data is const int, pointer is also const
                   ^
../main.cpp:39:13: warning: unused variable ‘p4’ [-Wunused-variable]
  int const *p4 = &i;  // pointer to int that is const
             ^
../main.cpp:40:13: warning: unused variable ‘p5’ [-Wunused-variable]
  const int *p5 = &i;  // Same, pointer to const int
             ^
../main.cpp:45:6: warning: unused variable ‘j’ [-Wunused-variable]
  int j = 9;
      ^
Finished building: ../main.cpp
 
Building target: const-keyword
Invoking: Cross G++ Linker
g++  -o "const-keyword"  ./main.o   
Finished building target: const-keyword
 
15:49:03 **** Incremental Build of configuration Debug for project const-keyword ****
make all 
Building file: ../main.cpp
Invoking: Cross G++ Compiler
g++ -O0 -g3 -Wall -c -fmessage-length=0 -MMD -MP -MF"main.d" -MT"main.d" -o "main.o" "../main.cpp"
../main.cpp: In function ‘void exp1()’:
../main.cpp:36:19: warning: unused variable ‘p3’ [-Wunused-variable]
  const int *const p3 = &i; // data is const int, pointer is also const
                   ^
../main.cpp:39:13: warning: unused variable ‘p4’ [-Wunused-variable]
  int const *p4 = &i;  // pointer to int that is const
             ^
../main.cpp:40:13: warning: unused variable ‘p5’ [-Wunused-variable]
  const int *p5 = &i;  // Same, pointer to const int
             ^
../main.cpp:45:6: warning: unused variable ‘j’ [-Wunused-variable]
  int j = 9;
      ^
Finished building: ../main.cpp
 
Building target: const-keyword
Invoking: Cross G++ Linker
g++  -o "const-keyword"  ./main.o   
Finished building target: const-keyword
 
15:49:34 **** Incremental Build of configuration Debug for project const-keyword ****
make all 
Building file: ../main.cpp
Invoking: Cross G++ Compiler
g++ -O0 -g3 -Wall -c -fmessage-length=0 -MMD -MP -MF"main.d" -MT"main.d" -o "main.o" "../main.cpp"
../main.cpp: In function ‘void exp1()’:
../main.cpp:36:19: warning: unused variable ‘p3’ [-Wunused-variable]
  const int *const p3 = &i; // data is const int, pointer is also const
                   ^
../main.cpp:39:13: warning: unused variable ‘p4’ [-Wunused-variable]
  int const *p4 = &i;  // pointer to int that is const
             ^
../main.cpp:40:13: warning: unused variable ‘p5’ [-Wunused-variable]
  const int *p5 = &i;  // Same, pointer to const int
             ^
../main.cpp:45:6: warning: unused variable ‘j’ [-Wunused-variable]
  int j = 9;
      ^
Finished building: ../main.cpp
 
Building target: const-keyword
Invoking: Cross G++ Linker
g++  -o "const-keyword"  ./main.o   
Finished building target: const-keyword
 
15:50:04 **** Incremental Build of configuration Debug for project const-keyword ****
make all 
Building file: ../main.cpp
Invoking: Cross G++ Compiler
g++ -O0 -g3 -Wall -c -fmessage-length=0 -MMD -MP -MF"main.d" -MT"main.d" -o "main.o" "../main.cpp"
../main.cpp: In function ‘void exp1()’:
../main.cpp:36:19: warning: unused variable ‘p3’ [-Wunused-variable]
  const int *const p3 = &i; // data is const int, pointer is also const
                   ^
../main.cpp:39:13: warning: unused variable ‘p4’ [-Wunused-variable]
  int const *p4 = &i;  // pointer to int that is const
             ^
../main.cpp:40:13: warning: unused variable ‘p5’ [-Wunused-variable]
  const int *p5 = &i;  // Same, pointer to const int
             ^
../main.cpp:45:6: warning: unused variable ‘j’ [-Wunused-variable]
  int j = 9;
      ^
Finished building: ../main.cpp
 
Building target: const-keyword
Invoking: Cross G++ Linker
g++  -o "const-keyword"  ./main.o   
Finished building target: const-keyword
 
15:52:40 **** Incremental Build of configuration Debug for project const-keyword ****
make all 
Building file: ../main.cpp
Invoking: Cross G++ Compiler
g++ -O0 -g3 -Wall -c -fmessage-length=0 -MMD -MP -MF"main.d" -MT"main.d" -o "main.o" "../main.cpp"
../main.cpp: In function ‘void exp1()’:
../main.cpp:36:19: warning: unused variable ‘p3’ [-Wunused-variable]
  const int *const p3 = &i; // data is const int, pointer is also const
                   ^
../main.cpp:39:13: warning: unused variable ‘p4’ [-Wunused-variable]
  int const *p4 = &i;  // pointer to int that is const
             ^
../main.cpp:40:13: warning: unused variable ‘p5’ [-Wunused-variable]
  const int *p5 = &i;  // Same, pointer to const int
             ^
../main.cpp:45:6: warning: unused variable ‘j’ [-Wunused-variable]
  int j = 9;
      ^
../main.cpp: In member function ‘void Dog::setAge(const int&)’:
../main.cpp:68:5: error: assignment of read-only reference ‘a’
   a = 20;
     ^
make: *** [main.o] Error 1
15:52:55 **** Incremental Build of configuration Debug for project const-keyword ****
make all 
Building file: ../main.cpp
Invoking: Cross G++ Compiler
g++ -O0 -g3 -Wall -c -fmessage-length=0 -MMD -MP -MF"main.d" -MT"main.d" -o "main.o" "../main.cpp"
../main.cpp: In function ‘void exp1()’:
../main.cpp:36:19: warning: unused variable ‘p3’ [-Wunused-variable]
  const int *const p3 = &i; // data is const int, pointer is also const
                   ^
../main.cpp:39:13: warning: unused variable ‘p4’ [-Wunused-variable]
  int const *p4 = &i;  // pointer to int that is const
             ^
../main.cpp:40:13: warning: unused variable ‘p5’ [-Wunused-variable]
  const int *p5 = &i;  // Same, pointer to const int
             ^
../main.cpp:45:6: warning: unused variable ‘j’ [-Wunused-variable]
  int j = 9;
      ^
Finished building: ../main.cpp
 
Building target: const-keyword
Invoking: Cross G++ Linker
g++  -o "const-keyword"  ./main.o   
Finished building target: const-keyword
 
16:05:56 **** Incremental Build of configuration Debug for project const-keyword ****
make all 
Building file: ../main.cpp
Invoking: Cross G++ Compiler
g++ -O0 -g3 -Wall -c -fmessage-length=0 -MMD -MP -MF"main.d" -MT"main.d" -o "main.o" "../main.cpp"
../main.cpp: In function ‘void exp1()’:
../main.cpp:36:19: warning: unused variable ‘p3’ [-Wunused-variable]
  const int *const p3 = &i; // data is const int, pointer is also const
                   ^
../main.cpp:39:13: warning: unused variable ‘p4’ [-Wunused-variable]
  int const *p4 = &i;  // pointer to int that is const
             ^
../main.cpp:40:13: warning: unused variable ‘p5’ [-Wunused-variable]
  const int *p5 = &i;  // Same, pointer to const int
             ^
../main.cpp:45:6: warning: unused variable ‘j’ [-Wunused-variable]
  int j = 9;
      ^
Finished building: ../main.cpp
 
Building target: const-keyword
Invoking: Cross G++ Linker
g++  -o "const-keyword"  ./main.o   
Finished building target: const-keyword
 
16:12:17 **** Incremental Build of configuration Debug for project const-keyword ****
make all 
Building file: ../main.cpp
Invoking: Cross G++ Compiler
g++ -O0 -g3 -Wall -c -fmessage-length=0 -MMD -MP -MF"main.d" -MT"main.d" -o "main.o" "../main.cpp"
../main.cpp: In function ‘void exp1()’:
../main.cpp:36:19: warning: unused variable ‘p3’ [-Wunused-variable]
  const int *const p3 = &i; // data is const int, pointer is also const
                   ^
../main.cpp:39:13: warning: unused variable ‘p4’ [-Wunused-variable]
  int const *p4 = &i;  // pointer to int that is const
             ^
../main.cpp:40:13: warning: unused variable ‘p5’ [-Wunused-variable]
  const int *p5 = &i;  // Same, pointer to const int
             ^
../main.cpp:45:6: warning: unused variable ‘j’ [-Wunused-variable]
  int j = 9;
      ^
Finished building: ../main.cpp
 
Building target: const-keyword
Invoking: Cross G++ Linker
g++  -o "const-keyword"  ./main.o   
Finished building target: const-keyword
 
16:14:45 **** Incremental Build of configuration Debug for project const-keyword ****
make all 
Building file: ../main.cpp
Invoking: Cross G++ Compiler
g++ -O0 -g3 -Wall -c -fmessage-length=0 -MMD -MP -MF"main.d" -MT"main.d" -o "main.o" "../main.cpp"
../main.cpp: In function ‘void exp1()’:
../main.cpp:36:19: warning: unused variable ‘p3’ [-Wunused-variable]
  const int *const p3 = &i; // data is const int, pointer is also const
                   ^
../main.cpp:39:13: warning: unused variable ‘p4’ [-Wunused-variable]
  int const *p4 = &i;  // pointer to int that is const
             ^
../main.cpp:40:13: warning: unused variable ‘p5’ [-Wunused-variable]
  const int *p5 = &i;  // Same, pointer to const int
             ^
../main.cpp:45:6: warning: unused variable ‘j’ [-Wunused-variable]
  int j = 9;
      ^
../main.cpp: In function ‘void exp2()’:
../main.cpp:99:1: error: expected ‘;’ before ‘}’ token
 }
 ^
make: *** [main.o] Error 1
16:14:50 **** Incremental Build of configuration Debug for project const-keyword ****
make all 
Building file: ../main.cpp
Invoking: Cross G++ Compiler
g++ -O0 -g3 -Wall -c -fmessage-length=0 -MMD -MP -MF"main.d" -MT"main.d" -o "main.o" "../main.cpp"
../main.cpp: In function ‘void exp1()’:
../main.cpp:36:19: warning: unused variable ‘p3’ [-Wunused-variable]
  const int *const p3 = &i; // data is const int, pointer is also const
                   ^
../main.cpp:39:13: warning: unused variable ‘p4’ [-Wunused-variable]
  int const *p4 = &i;  // pointer to int that is const
             ^
../main.cpp:40:13: warning: unused variable ‘p5’ [-Wunused-variable]
  const int *p5 = &i;  // Same, pointer to const int
             ^
../main.cpp:45:6: warning: unused variable ‘j’ [-Wunused-variable]
  int j = 9;
      ^
Finished building: ../main.cpp
 
Building target: const-keyword
Invoking: Cross G++ Linker
g++  -o "const-keyword"  ./main.o   
Finished building target: const-keyword
 
16:19:35 **** Incremental Build of configuration Debug for project const-keyword ****
make all 
Building file: ../main.cpp
Invoking: Cross G++ Compiler
g++ -O0 -g3 -Wall -c -fmessage-length=0 -MMD -MP -MF"main.d" -MT"main.d" -o "main.o" "../main.cpp"
../main.cpp: In function ‘void exp1()’:
../main.cpp:36:19: warning: unused variable ‘p3’ [-Wunused-variable]
  const int *const p3 = &i; // data is const int, pointer is also const
                   ^
../main.cpp:39:13: warning: unused variable ‘p4’ [-Wunused-variable]
  int const *p4 = &i;  // pointer to int that is const
             ^
../main.cpp:40:13: warning: unused variable ‘p5’ [-Wunused-variable]
  const int *p5 = &i;  // Same, pointer to const int
             ^
../main.cpp:45:6: warning: unused variable ‘j’ [-Wunused-variable]
  int j = 9;
      ^
Finished building: ../main.cpp
 
Building target: const-keyword
Invoking: Cross G++ Linker
g++  -o "const-keyword"  ./main.o   
Finished building target: const-keyword
 
16:19:58 **** Incremental Build of configuration Debug for project const-keyword ****
make all 
Building file: ../main.cpp
Invoking: Cross G++ Compiler
g++ -O0 -g3 -Wall -c -fmessage-length=0 -MMD -MP -MF"main.d" -MT"main.d" -o "main.o" "../main.cpp"
../main.cpp: In function ‘void exp1()’:
../main.cpp:36:19: warning: unused variable ‘p3’ [-Wunused-variable]
  const int *const p3 = &i; // data is const int, pointer is also const
                   ^
../main.cpp:39:13: warning: unused variable ‘p4’ [-Wunused-variable]
  int const *p4 = &i;  // pointer to int that is const
             ^
../main.cpp:40:13: warning: unused variable ‘p5’ [-Wunused-variable]
  const int *p5 = &i;  // Same, pointer to const int
             ^
../main.cpp:45:6: warning: unused variable ‘j’ [-Wunused-variable]
  int j = 9;
      ^
Finished building: ../main.cpp
 
Building target: const-keyword
Invoking: Cross G++ Linker
g++  -o "const-keyword"  ./main.o   
Finished building target: const-keyword
 
16:20:23 **** Clean-only build of configuration Debug for project const-keyword ****
make clean 
rm -rf  ./main.o  ./main.d  const-keyword
 
16:20:26 **** Build of configuration Debug for project const-keyword ****
make all 
Building file: ../main.cpp
Invoking: Cross G++ Compiler
g++ -O0 -g3 -Wall -c -fmessage-length=0 -MMD -MP -MF"main.d" -MT"main.d" -o "main.o" "../main.cpp"
../main.cpp: In function ‘void exp1()’:
../main.cpp:36:19: warning: unused variable ‘p3’ [-Wunused-variable]
  const int *const p3 = &i; // data is const int, pointer is also const
                   ^
../main.cpp:39:13: warning: unused variable ‘p4’ [-Wunused-variable]
  int const *p4 = &i;  // pointer to int that is const
             ^
../main.cpp:40:13: warning: unused variable ‘p5’ [-Wunused-variable]
  const int *p5 = &i;  // Same, pointer to const int
             ^
../main.cpp:45:6: warning: unused variable ‘j’ [-Wunused-variable]
  int j = 9;
      ^
Finished building: ../main.cpp
 
Building target: const-keyword
Invoking: Cross G++ Linker
g++  -o "const-keyword"  ./main.o   
Finished building target: const-keyword
 
16:20:29 **** Incremental Build of configuration Debug for project const-keyword ****
make all 
make: Nothing to be done for `all'.
16:20:37 **** Incremental Build of configuration Debug for project const-keyword ****
make all 
Building file: ../main.cpp
Invoking: Cross G++ Compiler
g++ -O0 -g3 -Wall -c -fmessage-length=0 -MMD -MP -MF"main.d" -MT"main.d" -o "main.o" "../main.cpp"
../main.cpp: In function ‘void exp1()’:
../main.cpp:36:19: warning: unused variable ‘p3’ [-Wunused-variable]
  const int *const p3 = &i; // data is const int, pointer is also const
                   ^
../main.cpp:39:13: warning: unused variable ‘p4’ [-Wunused-variable]
  int const *p4 = &i;  // pointer to int that is const
             ^
../main.cpp:40:13: warning: unused variable ‘p5’ [-Wunused-variable]
  const int *p5 = &i;  // Same, pointer to const int
             ^
../main.cpp:45:6: warning: unused variable ‘j’ [-Wunused-variable]
  int j = 9;
      ^
Finished building: ../main.cpp
 
Building target: const-keyword
Invoking: Cross G++ Linker
g++  -o "const-keyword"  ./main.o   
Finished building target: const-keyword
 
