15:53:30 **** Incremental Build of configuration Debug for project fig513-chessRecursion ****
make all 
Building target: fig513-chessRecursion
Invoking: GCC C++ Linker
g++  -o "fig513-chessRecursion"  ./chessBoard.o   
/usr/bin/ld: /usr/lib/debug/usr/lib/x86_64-linux-gnu/crt1.o(.debug_info): relocation 0 has invalid symbol index 11
/usr/bin/ld: /usr/lib/debug/usr/lib/x86_64-linux-gnu/crt1.o(.debug_info): relocation 1 has invalid symbol index 12
/usr/bin/ld: /usr/lib/debug/usr/lib/x86_64-linux-gnu/crt1.o(.debug_info): relocation 2 has invalid symbol index 2
/usr/bin/ld: /usr/lib/debug/usr/lib/x86_64-linux-gnu/crt1.o(.debug_info): relocation 3 has invalid symbol index 2
/usr/bin/ld: /usr/lib/debug/usr/lib/x86_64-linux-gnu/crt1.o(.debug_info): relocation 4 has invalid symbol index 11
/usr/bin/ld: /usr/lib/debug/usr/lib/x86_64-linux-gnu/crt1.o(.debug_info): relocation 5 has invalid symbol index 13
/usr/bin/ld: /usr/lib/debug/usr/lib/x86_64-linux-gnu/crt1.o(.debug_info): relocation 6 has invalid symbol index 13
/usr/bin/ld: /usr/lib/debug/usr/lib/x86_64-linux-gnu/crt1.o(.debug_info): relocation 7 has invalid symbol index 13
/usr/bin/ld: /usr/lib/debug/usr/lib/x86_64-linux-gnu/crt1.o(.debug_info): relocation 8 has invalid symbol index 12
/usr/bin/ld: /usr/lib/debug/usr/lib/x86_64-linux-gnu/crt1.o(.debug_info): relocation 9 has invalid symbol index 13
/usr/bin/ld: /usr/lib/debug/usr/lib/x86_64-linux-gnu/crt1.o(.debug_info): relocation 10 has invalid symbol index 13
/usr/bin/ld: /usr/lib/debug/usr/lib/x86_64-linux-gnu/crt1.o(.debug_info): relocation 11 has invalid symbol index 13
/usr/bin/ld: /usr/lib/debug/usr/lib/x86_64-linux-gnu/crt1.o(.debug_info): relocation 12 has invalid symbol index 13
/usr/bin/ld: /usr/lib/debug/usr/lib/x86_64-linux-gnu/crt1.o(.debug_info): relocation 13 has invalid symbol index 13
/usr/bin/ld: /usr/lib/debug/usr/lib/x86_64-linux-gnu/crt1.o(.debug_info): relocation 14 has invalid symbol index 13
/usr/bin/ld: /usr/lib/debug/usr/lib/x86_64-linux-gnu/crt1.o(.debug_info): relocation 15 has invalid symbol index 13
/usr/bin/ld: /usr/lib/debug/usr/lib/x86_64-linux-gnu/crt1.o(.debug_info): relocation 16 has invalid symbol index 13
/usr/bin/ld: /usr/lib/debug/usr/lib/x86_64-linux-gnu/crt1.o(.debug_info): relocation 17 has invalid symbol index 13
/usr/bin/ld: /usr/lib/debug/usr/lib/x86_64-linux-gnu/crt1.o(.debug_info): relocation 18 has invalid symbol index 13
/usr/bin/ld: /usr/lib/debug/usr/lib/x86_64-linux-gnu/crt1.o(.debug_info): relocation 19 has invalid symbol index 21
/usr/bin/ld: /usr/lib/debug/usr/lib/x86_64-linux-gnu/crt1.o(.debug_line): relocation 0 has invalid symbol index 2
/usr/lib/gcc/x86_64-linux-gnu/4.8/../../../x86_64-linux-gnu/crt1.o: In function `_start':
(.text+0x20): undefined reference to `main'
collect2: error: ld returned 1 exit status
make: *** [fig513-chessRecursion] Error 1
15:53:35 **** Clean-only build of configuration Debug for project fig513-chessRecursion ****
make clean 
rm -rf  ./chessBoard.o  ./chessBoard.d  fig513-chessRecursion
 
15:53:44 **** Build of configuration Debug for project fig513-chessRecursion ****
make all 
Building file: ../chessBoard.cpp
Invoking: GCC C++ Compiler
g++ -O0 -g3 -Wall -c -fmessage-length=0 -MMD -MP -MF"chessBoard.d" -MT"chessBoard.d" -o "chessBoard.o" "../chessBoard.cpp"
Finished building: ../chessBoard.cpp
 
Building target: fig513-chessRecursion
Invoking: GCC C++ Linker
g++  -o "fig513-chessRecursion"  ./chessBoard.o   
Finished building target: fig513-chessRecursion
 
15:53:49 **** Incremental Build of configuration Debug for project fig513-chessRecursion ****
make all 
make: Nothing to be done for `all'.
16:01:14 **** Incremental Build of configuration Debug for project fig513-chessRecursion ****
make all 
make: Nothing to be done for `all'.
16:01:21 **** Incremental Build of configuration Debug for project fig513-chessRecursion ****
make all 
Building file: ../chessBoard.cpp
Invoking: GCC C++ Compiler
g++ -O0 -g3 -Wall -c -fmessage-length=0 -MMD -MP -MF"chessBoard.d" -MT"chessBoard.d" -o "chessBoard.o" "../chessBoard.cpp"
../chessBoard.cpp:34:11: error: found ‘:’ in nested-name-specifier, expected ‘::’
 ChessBoard:ChessBoard(int n) : available(true), squares(n), norm(squares-n) {
           ^
make: *** [chessBoard.o] Error 1
16:01:40 **** Incremental Build of configuration Debug for project fig513-chessRecursion ****
make all 
Building file: ../chessBoard.cpp
Invoking: GCC C++ Compiler
g++ -O0 -g3 -Wall -c -fmessage-length=0 -MMD -MP -MF"chessBoard.d" -MT"chessBoard.d" -o "chessBoard.o" "../chessBoard.cpp"
Finished building: ../chessBoard.cpp
 
Building target: fig513-chessRecursion
Invoking: GCC C++ Linker
g++  -o "fig513-chessRecursion"  ./chessBoard.o   
./chessBoard.o: In function `ChessBoard::ChessBoard()':
/home/jack/workspace/Data_Structures/Chapter_5/fig513-chessRecursion/Debug/../chessBoard.cpp:31: undefined reference to `ChessBoard::initializeBoard()'
./chessBoard.o: In function `ChessBoard::ChessBoard(int)':
/home/jack/workspace/Data_Structures/Chapter_5/fig513-chessRecursion/Debug/../chessBoard.cpp:35: undefined reference to `ChessBoard::initializeBoard()'
collect2: error: ld returned 1 exit status
make: *** [fig513-chessRecursion] Error 1
16:13:56 **** Incremental Build of configuration Debug for project fig513-chessRecursion ****
make all 
Building file: ../chessBoard.cpp
Invoking: GCC C++ Compiler
g++ -O0 -g3 -Wall -c -fmessage-length=0 -MMD -MP -MF"chessBoard.d" -MT"chessBoard.d" -o "chessBoard.o" "../chessBoard.cpp"
../chessBoard.cpp: In member function ‘void ChessBoard::initializeBoard()’:
../chessBoard.cpp:45:15: warning: right operand of comma operator has no effect [-Wunused-value]
  for(i = 0, i < squares; i++)
               ^
../chessBoard.cpp:45:29: error: expected ‘;’ before ‘)’ token
  for(i = 0, i < squares; i++)
                             ^
../chessBoard.cpp: At global scope:
../chessBoard.cpp:54:6: error: ‘ChessBoad’ has not been declared
 void ChessBoad::putQueen(int row) {
      ^
../chessBoard.cpp: In function ‘void putQueen(int)’:
../chessBoard.cpp:55:25: error: ‘squares’ was not declared in this scope
  for(int col = 0; col < squares; col++)
                         ^
../chessBoard.cpp:56:6: error: ‘column’ was not declared in this scope
   if(column[col] == available &&
      ^
../chessBoard.cpp:56:21: error: ‘available’ was not declared in this scope
   if(column[col] == available &&
                     ^
../chessBoard.cpp:57:6: error: ‘leftDiagonal’ was not declared in this scope
      leftDiagonal[row+col] == available &&
      ^
../chessBoard.cpp:58:6: error: ‘rightDiagonal’ was not declared in this scope
      rightDiagonal[row+col] == available) {
      ^
../chessBoard.cpp:61:24: error: ‘printBoard’ was not declared in this scope
    else printBoard(cout);
                        ^
../chessBoard.cpp:65:26: error: ‘norm’ was not declared in this scope
    rightDiagonal[row-col+norm] = available;
                          ^
make: *** [chessBoard.o] Error 1
16:14:29 **** Incremental Build of configuration Debug for project fig513-chessRecursion ****
make all 
Building file: ../chessBoard.cpp
Invoking: GCC C++ Compiler
g++ -O0 -g3 -Wall -c -fmessage-length=0 -MMD -MP -MF"chessBoard.d" -MT"chessBoard.d" -o "chessBoard.o" "../chessBoard.cpp"
Finished building: ../chessBoard.cpp
 
Building target: fig513-chessRecursion
Invoking: GCC C++ Linker
g++  -o "fig513-chessRecursion"  ./chessBoard.o   
./chessBoard.o: In function `ChessBoard::putQueen(int)':
/home/jack/workspace/Data_Structures/Chapter_5/fig513-chessRecursion/Debug/../chessBoard.cpp:61: undefined reference to `ChessBoard::printBoard(std::ostream&)'
collect2: error: ld returned 1 exit status
make: *** [fig513-chessRecursion] Error 1
16:15:42 **** Incremental Build of configuration Debug for project fig513-chessRecursion ****
make all 
Building file: ../chessBoard.cpp
Invoking: GCC C++ Compiler
g++ -O0 -g3 -Wall -c -fmessage-length=0 -MMD -MP -MF"chessBoard.d" -MT"chessBoard.d" -o "chessBoard.o" "../chessBoard.cpp"
Finished building: ../chessBoard.cpp
 
Building target: fig513-chessRecursion
Invoking: GCC C++ Linker
g++  -o "fig513-chessRecursion"  ./chessBoard.o   
Finished building target: fig513-chessRecursion
 
16:15:45 **** Incremental Build of configuration Debug for project fig513-chessRecursion ****
make all 
make: Nothing to be done for `all'.
16:16:08 **** Incremental Build of configuration Debug for project fig513-chessRecursion ****
make all 
Building file: ../chessBoard.cpp
Invoking: GCC C++ Compiler
g++ -O0 -g3 -Wall -c -fmessage-length=0 -MMD -MP -MF"chessBoard.d" -MT"chessBoard.d" -o "chessBoard.o" "../chessBoard.cpp"
../chessBoard.cpp: In function ‘int main()’:
../chessBoard.cpp:78:15: error: request for member ‘findSolutions’ in ‘MyChessBoard’, which is of non-class type ‘ChessBoard()’
  MyChessBoard.findSolutions();
               ^
make: *** [chessBoard.o] Error 1
16:16:47 **** Incremental Build of configuration Debug for project fig513-chessRecursion ****
make all 
Building file: ../chessBoard.cpp
Invoking: GCC C++ Compiler
g++ -O0 -g3 -Wall -c -fmessage-length=0 -MMD -MP -MF"chessBoard.d" -MT"chessBoard.d" -o "chessBoard.o" "../chessBoard.cpp"
Finished building: ../chessBoard.cpp
 
Building target: fig513-chessRecursion
Invoking: GCC C++ Linker
g++  -o "fig513-chessRecursion"  ./chessBoard.o   
Finished building target: fig513-chessRecursion
 
16:16:50 **** Incremental Build of configuration Debug for project fig513-chessRecursion ****
make all 
make: Nothing to be done for `all'.
16:20:28 **** Incremental Build of configuration Debug for project fig513-chessRecursion ****
make all 
Building file: ../chessBoard.cpp
Invoking: GCC C++ Compiler
g++ -O0 -g3 -Wall -c -fmessage-length=0 -MMD -MP -MF"chessBoard.d" -MT"chessBoard.d" -o "chessBoard.o" "../chessBoard.cpp"
Finished building: ../chessBoard.cpp
 
Building target: fig513-chessRecursion
Invoking: GCC C++ Linker
g++  -o "fig513-chessRecursion"  ./chessBoard.o   
Finished building target: fig513-chessRecursion
 
16:20:30 **** Incremental Build of configuration Debug for project fig513-chessRecursion ****
make all 
make: Nothing to be done for `all'.
16:22:55 **** Incremental Build of configuration Debug for project fig513-chessRecursion ****
make all 
Building file: ../chessBoard.cpp
Invoking: GCC C++ Compiler
g++ -O0 -g3 -Wall -c -fmessage-length=0 -MMD -MP -MF"chessBoard.d" -MT"chessBoard.d" -o "chessBoard.o" "../chessBoard.cpp"
../chessBoard.cpp: In function ‘int main()’:
../chessBoard.cpp:82:15: error: request for member ‘findSolutions’ in ‘MyChessBoard’, which is of non-class type ‘ChessBoard()’
  MyChessBoard.findSolutions();
               ^
make: *** [chessBoard.o] Error 1
16:23:09 **** Incremental Build of configuration Debug for project fig513-chessRecursion ****
make all 
Building file: ../chessBoard.cpp
Invoking: GCC C++ Compiler
g++ -O0 -g3 -Wall -c -fmessage-length=0 -MMD -MP -MF"chessBoard.d" -MT"chessBoard.d" -o "chessBoard.o" "../chessBoard.cpp"
Finished building: ../chessBoard.cpp
 
Building target: fig513-chessRecursion
Invoking: GCC C++ Linker
g++  -o "fig513-chessRecursion"  ./chessBoard.o   
Finished building target: fig513-chessRecursion
 
16:28:02 **** Incremental Build of configuration Debug for project fig513-chessRecursion ****
make all 
Building file: ../chessBoard.cpp
Invoking: GCC C++ Compiler
g++ -O0 -g3 -Wall -c -fmessage-length=0 -MMD -MP -MF"chessBoard.d" -MT"chessBoard.d" -o "chessBoard.o" "../chessBoard.cpp"
Finished building: ../chessBoard.cpp
 
Building target: fig513-chessRecursion
Invoking: GCC C++ Linker
g++  -o "fig513-chessRecursion"  ./chessBoard.o   
Finished building target: fig513-chessRecursion
 
16:28:06 **** Incremental Build of configuration Debug for project fig513-chessRecursion ****
make all 
make: Nothing to be done for `all'.
16:28:32 **** Incremental Build of configuration Debug for project fig513-chessRecursion ****
make all 
Building file: ../chessBoard.cpp
Invoking: GCC C++ Compiler
g++ -O0 -g3 -Wall -c -fmessage-length=0 -MMD -MP -MF"chessBoard.d" -MT"chessBoard.d" -o "chessBoard.o" "../chessBoard.cpp"
Finished building: ../chessBoard.cpp
 
Building target: fig513-chessRecursion
Invoking: GCC C++ Linker
g++  -o "fig513-chessRecursion"  ./chessBoard.o   
Finished building target: fig513-chessRecursion
 
16:28:35 **** Incremental Build of configuration Debug for project fig513-chessRecursion ****
make all 
make: Nothing to be done for `all'.
16:30:17 **** Incremental Build of configuration Debug for project fig513-chessRecursion ****
make all 
Building file: ../chessBoard.cpp
Invoking: GCC C++ Compiler
g++ -O0 -g3 -Wall -c -fmessage-length=0 -MMD -MP -MF"chessBoard.d" -MT"chessBoard.d" -o "chessBoard.o" "../chessBoard.cpp"
Finished building: ../chessBoard.cpp
 
Building target: fig513-chessRecursion
Invoking: GCC C++ Linker
g++  -o "fig513-chessRecursion"  ./chessBoard.o   
Finished building target: fig513-chessRecursion
 
10:18:13 **** Incremental Build of configuration Debug for project fig513-chessRecursion ****
make all 
Building file: ../chessBoard.cpp
Invoking: GCC C++ Compiler
g++ -O0 -g3 -Wall -c -fmessage-length=0 -MMD -MP -MF"chessBoard.d" -MT"chessBoard.d" -o "chessBoard.o" "../chessBoard.cpp"
Finished building: ../chessBoard.cpp
 
Building target: fig513-chessRecursion
Invoking: GCC C++ Linker
g++  -o "fig513-chessRecursion"  ./chessBoard.o   
Finished building target: fig513-chessRecursion
 
10:23:26 **** Build of configuration Debug for project Figure5-20-interpreter ****
make all 
Building file: ../useInterpreter.cpp
Invoking: GCC C++ Compiler
g++ -O0 -g3 -Wall -c -fmessage-length=0 -MMD -MP -MF"useInterpreter.d" -MT"useInterpreter.d" -o "useInterpreter.o" "../useInterpreter.cpp"
Finished building: ../useInterpreter.cpp
 
Building target: Figure5-20-interpreter
Invoking: GCC C++ Linker
g++  -o "Figure5-20-interpreter"  ./useInterpreter.o   
Finished building target: Figure5-20-interpreter
 
10:23:29 **** Incremental Build of configuration Debug for project Figure5-20-interpreter ****
make all 
make: Nothing to be done for `all'.
10:28:03 **** Incremental Build of configuration Debug for project Figure5-20-interpreter ****
make all 
make: Nothing to be done for `all'.
10:31:11 **** Incremental Build of configuration Debug for project Figure5-20-interpreter ****
make all 
Building file: ../useInterpreter.cpp
Invoking: GCC C++ Compiler
g++ -O0 -g3 -Wall -c -fmessage-length=0 -MMD -MP -MF"useInterpreter.d" -MT"useInterpreter.d" -o "useInterpreter.o" "../useInterpreter.cpp"
../useInterpreter.cpp: In function ‘int main()’:
../useInterpreter.cpp:13:2: error: ‘IdNode’ was not declared in this scope
  IdNode myId("Hello world");
  ^
../useInterpreter.cpp:13:9: error: expected ‘;’ before ‘myId’
  IdNode myId("Hello world");
         ^
../useInterpreter.cpp:15:10: error: ‘myId’ was not declared in this scope
  cout << myId.id << endl;
          ^
make: *** [useInterpreter.o] Error 1
10:31:30 **** Incremental Build of configuration Debug for project Figure5-20-interpreter ****
make all 
Building file: ../useInterpreter.cpp
Invoking: GCC C++ Compiler
g++ -O0 -g3 -Wall -c -fmessage-length=0 -MMD -MP -MF"useInterpreter.d" -MT"useInterpreter.d" -o "useInterpreter.o" "../useInterpreter.cpp"
../useInterpreter.cpp: In function ‘int main()’:
../useInterpreter.cpp:13:2: error: ‘IdNode’ was not declared in this scope
  IdNode myId("Hello world");
  ^
../useInterpreter.cpp:13:9: error: expected ‘;’ before ‘myId’
  IdNode myId("Hello world");
         ^
../useInterpreter.cpp:15:10: error: ‘myId’ was not declared in this scope
  cout << myId.id << endl;
          ^
make: *** [useInterpreter.o] Error 1
10:31:50 **** Incremental Build of configuration Debug for project Figure5-20-interpreter ****
make all 
Building file: ../useInterpreter.cpp
Invoking: GCC C++ Compiler
g++ -O0 -g3 -Wall -c -fmessage-length=0 -MMD -MP -MF"useInterpreter.d" -MT"useInterpreter.d" -o "useInterpreter.o" "../useInterpreter.cpp"
In file included from ../useInterpreter.cpp:9:0:
../interpreter.h:20:19: warning: deprecated conversion from string constant to ‘char*’ [-Wwrite-strings]
  IdNode(char *s = "", double e = 0) {
                   ^
../useInterpreter.cpp: In function ‘int main()’:
../useInterpreter.cpp:15:27: warning: deprecated conversion from string constant to ‘char*’ [-Wwrite-strings]
  IdNode myId("Hello world");
                           ^
In file included from ../useInterpreter.cpp:9:0:
../interpreter.h:25:8: error: ‘char* IdNode::id’ is private
  char *id;
        ^
../useInterpreter.cpp:17:15: error: within this context
  cout << myId.id << endl;
               ^
make: *** [useInterpreter.o] Error 1
10:32:29 **** Incremental Build of configuration Debug for project Figure5-20-interpreter ****
make all 
Building file: ../useInterpreter.cpp
Invoking: GCC C++ Compiler
g++ -O0 -g3 -Wall -c -fmessage-length=0 -MMD -MP -MF"useInterpreter.d" -MT"useInterpreter.d" -o "useInterpreter.o" "../useInterpreter.cpp"
In file included from ../useInterpreter.cpp:9:0:
../interpreter.h:24:15: warning: non-static data member initializers only available with -std=c++11 or -std=gnu++11 [enabled by default]
  char ID = {id};
               ^
../interpreter.h:20:19: warning: deprecated conversion from string constant to ‘char*’ [-Wwrite-strings]
  IdNode(char *s = "", double e = 0) {
                   ^
../interpreter.h:24:15: warning: extended initializer lists only available with -std=c++11 or -std=gnu++11 [enabled by default]
  char ID = {id};
               ^
../interpreter.h:24:15: error: invalid conversion from ‘char*’ to ‘char’ [-fpermissive]
../useInterpreter.cpp: In function ‘int main()’:
../useInterpreter.cpp:15:27: warning: deprecated conversion from string constant to ‘char*’ [-Wwrite-strings]
  IdNode myId("Hello world");
                           ^
make: *** [useInterpreter.o] Error 1
10:32:31 **** Incremental Build of configuration Debug for project Figure5-20-interpreter ****
make all 
Building file: ../useInterpreter.cpp
Invoking: GCC C++ Compiler
g++ -O0 -g3 -Wall -c -fmessage-length=0 -MMD -MP -MF"useInterpreter.d" -MT"useInterpreter.d" -o "useInterpreter.o" "../useInterpreter.cpp"
In file included from ../useInterpreter.cpp:9:0:
../interpreter.h:24:15: warning: non-static data member initializers only available with -std=c++11 or -std=gnu++11 [enabled by default]
  char ID = {id};
               ^
../interpreter.h:20:19: warning: deprecated conversion from string constant to ‘char*’ [-Wwrite-strings]
  IdNode(char *s = "", double e = 0) {
                   ^
../interpreter.h:24:15: warning: extended initializer lists only available with -std=c++11 or -std=gnu++11 [enabled by default]
  char ID = {id};
               ^
../interpreter.h:24:15: error: invalid conversion from ‘char*’ to ‘char’ [-fpermissive]
../useInterpreter.cpp: In function ‘int main()’:
../useInterpreter.cpp:15:27: warning: deprecated conversion from string constant to ‘char*’ [-Wwrite-strings]
  IdNode myId("Hello world");
                           ^
make: *** [useInterpreter.o] Error 1
10:32:44 **** Incremental Build of configuration Debug for project Figure5-20-interpreter ****
make all 
Building file: ../useInterpreter.cpp
Invoking: GCC C++ Compiler
g++ -O0 -g3 -Wall -c -fmessage-length=0 -MMD -MP -MF"useInterpreter.d" -MT"useInterpreter.d" -o "useInterpreter.o" "../useInterpreter.cpp"
In file included from ../useInterpreter.cpp:9:0:
../interpreter.h:24:16: warning: non-static data member initializers only available with -std=c++11 or -std=gnu++11 [enabled by default]
  char *ID = {id};
                ^
../interpreter.h:20:19: warning: deprecated conversion from string constant to ‘char*’ [-Wwrite-strings]
  IdNode(char *s = "", double e = 0) {
                   ^
../interpreter.h:24:16: warning: extended initializer lists only available with -std=c++11 or -std=gnu++11 [enabled by default]
  char *ID = {id};
                ^
../useInterpreter.cpp: In function ‘int main()’:
../useInterpreter.cpp:15:27: warning: deprecated conversion from string constant to ‘char*’ [-Wwrite-strings]
  IdNode myId("Hello world");
                           ^
Finished building: ../useInterpreter.cpp
 
Building target: Figure5-20-interpreter
Invoking: GCC C++ Linker
g++  -o "Figure5-20-interpreter"  ./useInterpreter.o   
Finished building target: Figure5-20-interpreter
 
10:32:47 **** Incremental Build of configuration Debug for project Figure5-20-interpreter ****
make all 
make: Nothing to be done for `all'.
10:33:07 **** Incremental Build of configuration Debug for project Figure5-20-interpreter ****
make all 
Building file: ../useInterpreter.cpp
Invoking: GCC C++ Compiler
g++ -O0 -g3 -Wall -c -fmessage-length=0 -MMD -MP -MF"useInterpreter.d" -MT"useInterpreter.d" -o "useInterpreter.o" "../useInterpreter.cpp"
In file included from ../useInterpreter.cpp:9:0:
../interpreter.h:20:19: warning: deprecated conversion from string constant to ‘char*’ [-Wwrite-strings]
  IdNode(char *s = "", double e = 0) {
                   ^
../useInterpreter.cpp: In function ‘int main()’:
../useInterpreter.cpp:15:27: warning: deprecated conversion from string constant to ‘char*’ [-Wwrite-strings]
  IdNode myId("Hello world");
                           ^
Finished building: ../useInterpreter.cpp
 
Building target: Figure5-20-interpreter
Invoking: GCC C++ Linker
g++  -o "Figure5-20-interpreter"  ./useInterpreter.o   
Finished building target: Figure5-20-interpreter
 
10:50:02 **** Incremental Build of configuration Debug for project Figure5-20-interpreter ****
make all 
Building file: ../useInterpreter.cpp
Invoking: GCC C++ Compiler
g++ -O0 -g3 -Wall -c -fmessage-length=0 -MMD -MP -MF"useInterpreter.d" -MT"useInterpreter.d" -o "useInterpreter.o" "../useInterpreter.cpp"
In file included from ../useInterpreter.cpp:9:0:
../interpreter.h:20:19: warning: deprecated conversion from string constant to ‘char*’ [-Wwrite-strings]
  IdNode(char *s = "", double e = 0) {
                   ^
../interpreter.h:38:7: error: ‘idNode’ was not declared in this scope
  list<idNode> idList;
       ^
../interpreter.h:38:13: error: template argument 1 is invalid
  list<idNode> idList;
             ^
../interpreter.h:38:13: error: template argument 2 is invalid
../useInterpreter.cpp: In function ‘int main()’:
../useInterpreter.cpp:15:27: warning: deprecated conversion from string constant to ‘char*’ [-Wwrite-strings]
  IdNode myId("Hello world");
                           ^
make: *** [useInterpreter.o] Error 1
10:50:35 **** Incremental Build of configuration Debug for project Figure5-20-interpreter ****
make all 
Building file: ../useInterpreter.cpp
Invoking: GCC C++ Compiler
g++ -O0 -g3 -Wall -c -fmessage-length=0 -MMD -MP -MF"useInterpreter.d" -MT"useInterpreter.d" -o "useInterpreter.o" "../useInterpreter.cpp"
In file included from ../useInterpreter.cpp:9:0:
../interpreter.h:20:19: warning: deprecated conversion from string constant to ‘char*’ [-Wwrite-strings]
  IdNode(char *s = "", double e = 0) {
                   ^
../useInterpreter.cpp: In function ‘int main()’:
../useInterpreter.cpp:15:27: warning: deprecated conversion from string constant to ‘char*’ [-Wwrite-strings]
  IdNode myId("Hello world");
                           ^
Finished building: ../useInterpreter.cpp
 
Building target: Figure5-20-interpreter
Invoking: GCC C++ Linker
g++  -o "Figure5-20-interpreter"  ./useInterpreter.o   
Finished building target: Figure5-20-interpreter
 
12:50:22 **** Incremental Build of configuration Debug for project Figure5-20-interpreter ****
make all 
Building file: ../interpreter.cpp
Invoking: GCC C++ Compiler
g++ -O0 -g3 -Wall -c -fmessage-length=0 -MMD -MP -MF"interpreter.d" -MT"interpreter.d" -o "interpreter.o" "../interpreter.cpp"
In file included from ../interpreter.cpp:8:0:
../interpreter.h:20:19: warning: deprecated conversion from string constant to ‘char*’ [-Wwrite-strings]
  IdNode(char *s = "", double e = 0) {
                   ^
../interpreter.cpp: In member function ‘double Statement::findValue(char*)’:
../interpreter.cpp:14:13: error: request for member ‘List’ in ‘id’, which is of non-class type ‘char*’
  if(i != id.List.end())
             ^
../interpreter.cpp:16:36: warning: deprecated conversion from string constant to ‘char*’ [-Wwrite-strings]
  else issueError("Unknown variable");
                                    ^
../interpreter.cpp: In member function ‘void Statement::readId(char*)’:
../interpreter.cpp:47:39: warning: deprecated conversion from string constant to ‘char*’ [-Wwrite-strings]
  else issueError("Identifier expected");
                                       ^
../interpreter.cpp: In member function ‘double Statement::factor()’:
../interpreter.cpp:54:9: error: expected primary-expression before ‘char’
  cin >> char;
         ^
../interpreter.cpp:54:9: error: expected ‘;’ before ‘char’
../interpreter.cpp:61:7: error: ‘std::istream’ has no member named ‘pushback’
   cin.pushback(ch);
       ^
../interpreter.cpp:69:48: warning: deprecated conversion from string constant to ‘char*’ [-Wwrite-strings]
   else issueError("Right parenthesize left out");
                                                ^
../interpreter.cpp: In member function ‘void Statement::getStatement()’:
../interpreter.cpp:123:28: error: ‘strupr’ was not declared in this scope
  strupr(strcpy(command, id));
                            ^
../interpreter.cpp:137:56: warning: deprecated conversion from string constant to ‘char*’ [-Wwrite-strings]
     issueError("There are some extras in the statement");
                                                        ^
../interpreter.cpp:140:35: warning: deprecated conversion from string constant to ‘char*’ [-Wwrite-strings]
   else issueError("'=' is missing");
                                   ^
../interpreter.cpp: In function ‘std::ostream operator<<(std::ostream&, const Statement&)’:
../interpreter.cpp:144:53: error: new declaration ‘std::ostream operator<<(std::ostream&, const Statement&)’
 ostream operator<< (ostream& out, const Statement& s) {
                                                     ^
In file included from ../interpreter.cpp:8:0:
../interpreter.h:55:18: error: ambiguates old declaration ‘std::ostream& operator<<(std::ostream&, const Statement&)’
  friend ostream& operator<< (ostream&, const Statement&);
                  ^
../interpreter.h:42:15: error: ‘std::list<IdNode> Statement::idList’ is private
  list<IdNode> idList;
               ^
../interpreter.cpp:145:31: error: within this context
  list<IdNode>::iterator i = s.idList.begin();
                               ^
../interpreter.cpp:145:44: error: conversion from ‘std::list<IdNode>::const_iterator {aka std::_List_const_iterator<IdNode>}’ to non-scalar type ‘std::list<IdNode>::iterator {aka std::_List_iterator<IdNode>}’ requested
  list<IdNode>::iterator i = s.idList.begin();
                                            ^
In file included from ../interpreter.cpp:8:0:
../interpreter.h:42:15: error: ‘std::list<IdNode> Statement::idList’ is private
  list<IdNode> idList;
               ^
../interpreter.cpp:147:16: error: within this context
  for( ; i != s.idList.end(); i++)
                ^
In file included from /usr/include/c++/4.8/ios:42:0,
                 from /usr/include/c++/4.8/ostream:38,
                 from /usr/include/c++/4.8/iostream:39,
                 from ../interpreter.h:11,
                 from ../interpreter.cpp:8:
/usr/include/c++/4.8/bits/ios_base.h: In copy constructor ‘std::basic_ios<char>::basic_ios(const std::basic_ios<char>&)’:
/usr/include/c++/4.8/bits/ios_base.h:792:5: error: ‘std::ios_base::ios_base(const std::ios_base&)’ is private
     ios_base(const ios_base&);
     ^
In file included from /usr/include/c++/4.8/ios:44:0,
                 from /usr/include/c++/4.8/ostream:38,
                 from /usr/include/c++/4.8/iostream:39,
                 from ../interpreter.h:11,
                 from ../interpreter.cpp:8:
/usr/include/c++/4.8/bits/basic_ios.h:66:11: error: within this context
     class basic_ios : public ios_base
           ^
In file included from /usr/include/c++/4.8/iostream:39:0,
                 from ../interpreter.h:11,
                 from ../interpreter.cpp:8:
/usr/include/c++/4.8/ostream: In copy constructor ‘std::basic_ostream<char>::basic_ostream(const std::basic_ostream<char>&)’:
/usr/include/c++/4.8/ostream:58:11: note: synthesized method ‘std::basic_ios<char>::basic_ios(const std::basic_ios<char>&)’ first required here 
     class basic_ostream : virtual public basic_ios<_CharT, _Traits>
           ^
../interpreter.cpp: In function ‘std::ostream operator<<(std::ostream&, const Statement&)’:
../interpreter.cpp:151:9: note: synthesized method ‘std::basic_ostream<char>::basic_ostream(const std::basic_ostream<char>&)’ first required here 
  return out;
         ^
../interpreter.cpp: In function ‘std::ostream operator<<(std::ostream&, const IdNode&)’:
../interpreter.cpp:154:50: error: new declaration ‘std::ostream operator<<(std::ostream&, const IdNode&)’
 ostream operator<< (ostream& out, const IdNode& r) {
                                                  ^
In file included from ../interpreter.cpp:8:0:
../interpreter.h:32:18: error: ambiguates old declaration ‘std::ostream& operator<<(std::ostream&, const IdNode&)’
  friend ostream& operator<< (ostream&, const IdNode&);
                  ^
../interpreter.h:29:8: error: ‘char* IdNode::id’ is private
  char *id;
        ^
../interpreter.cpp:155:11: error: within this context
  out << r.id << " = " << r.value << endl;
           ^
In file included from ../interpreter.cpp:8:0:
../interpreter.h:30:9: error: ‘double IdNode::value’ is private
  double value;
         ^
../interpreter.cpp:155:28: error: within this context
  out << r.id << " = " << r.value << endl;
                            ^
make: *** [interpreter.o] Error 1
12:50:57 **** Incremental Build of configuration Debug for project Figure5-20-interpreter ****
make all 
Building file: ../interpreter.cpp
Invoking: GCC C++ Compiler
g++ -O0 -g3 -Wall -c -fmessage-length=0 -MMD -MP -MF"interpreter.d" -MT"interpreter.d" -o "interpreter.o" "../interpreter.cpp"
In file included from ../interpreter.cpp:8:0:
../interpreter.h:20:19: warning: deprecated conversion from string constant to ‘char*’ [-Wwrite-strings]
  IdNode(char *s = "", double e = 0) {
                   ^
../interpreter.cpp: In member function ‘double Statement::findValue(char*)’:
../interpreter.cpp:14:13: error: request for member ‘List’ in ‘id’, which is of non-class type ‘char*’
  if(i != id.List.end())
             ^
../interpreter.cpp:16:36: warning: deprecated conversion from string constant to ‘char*’ [-Wwrite-strings]
  else issueError("Unknown variable");
                                    ^
../interpreter.cpp: In member function ‘void Statement::readId(char*)’:
../interpreter.cpp:47:39: warning: deprecated conversion from string constant to ‘char*’ [-Wwrite-strings]
  else issueError("Identifier expected");
                                       ^
../interpreter.cpp: In member function ‘double Statement::factor()’:
../interpreter.cpp:61:7: error: ‘std::istream’ has no member named ‘pushback’
   cin.pushback(ch);
       ^
../interpreter.cpp:69:48: warning: deprecated conversion from string constant to ‘char*’ [-Wwrite-strings]
   else issueError("Right parenthesize left out");
                                                ^
../interpreter.cpp: In member function ‘void Statement::getStatement()’:
../interpreter.cpp:123:28: error: ‘strupr’ was not declared in this scope
  strupr(strcpy(command, id));
                            ^
../interpreter.cpp:137:56: warning: deprecated conversion from string constant to ‘char*’ [-Wwrite-strings]
     issueError("There are some extras in the statement");
                                                        ^
../interpreter.cpp:140:35: warning: deprecated conversion from string constant to ‘char*’ [-Wwrite-strings]
   else issueError("'=' is missing");
                                   ^
../interpreter.cpp: In function ‘std::ostream operator<<(std::ostream&, const Statement&)’:
../interpreter.cpp:144:53: error: new declaration ‘std::ostream operator<<(std::ostream&, const Statement&)’
 ostream operator<< (ostream& out, const Statement& s) {
                                                     ^
In file included from ../interpreter.cpp:8:0:
../interpreter.h:55:18: error: ambiguates old declaration ‘std::ostream& operator<<(std::ostream&, const Statement&)’
  friend ostream& operator<< (ostream&, const Statement&);
                  ^
../interpreter.h:42:15: error: ‘std::list<IdNode> Statement::idList’ is private
  list<IdNode> idList;
               ^
../interpreter.cpp:145:31: error: within this context
  list<IdNode>::iterator i = s.idList.begin();
                               ^
../interpreter.cpp:145:44: error: conversion from ‘std::list<IdNode>::const_iterator {aka std::_List_const_iterator<IdNode>}’ to non-scalar type ‘std::list<IdNode>::iterator {aka std::_List_iterator<IdNode>}’ requested
  list<IdNode>::iterator i = s.idList.begin();
                                            ^
In file included from ../interpreter.cpp:8:0:
../interpreter.h:42:15: error: ‘std::list<IdNode> Statement::idList’ is private
  list<IdNode> idList;
               ^
../interpreter.cpp:147:16: error: within this context
  for( ; i != s.idList.end(); i++)
                ^
In file included from /usr/include/c++/4.8/ios:42:0,
                 from /usr/include/c++/4.8/ostream:38,
                 from /usr/include/c++/4.8/iostream:39,
                 from ../interpreter.h:11,
                 from ../interpreter.cpp:8:
/usr/include/c++/4.8/bits/ios_base.h: In copy constructor ‘std::basic_ios<char>::basic_ios(const std::basic_ios<char>&)’:
/usr/include/c++/4.8/bits/ios_base.h:792:5: error: ‘std::ios_base::ios_base(const std::ios_base&)’ is private
     ios_base(const ios_base&);
     ^
In file included from /usr/include/c++/4.8/ios:44:0,
                 from /usr/include/c++/4.8/ostream:38,
                 from /usr/include/c++/4.8/iostream:39,
                 from ../interpreter.h:11,
                 from ../interpreter.cpp:8:
/usr/include/c++/4.8/bits/basic_ios.h:66:11: error: within this context
     class basic_ios : public ios_base
           ^
In file included from /usr/include/c++/4.8/iostream:39:0,
                 from ../interpreter.h:11,
                 from ../interpreter.cpp:8:
/usr/include/c++/4.8/ostream: In copy constructor ‘std::basic_ostream<char>::basic_ostream(const std::basic_ostream<char>&)’:
/usr/include/c++/4.8/ostream:58:11: note: synthesized method ‘std::basic_ios<char>::basic_ios(const std::basic_ios<char>&)’ first required here 
     class basic_ostream : virtual public basic_ios<_CharT, _Traits>
           ^
../interpreter.cpp: In function ‘std::ostream operator<<(std::ostream&, const Statement&)’:
../interpreter.cpp:151:9: note: synthesized method ‘std::basic_ostream<char>::basic_ostream(const std::basic_ostream<char>&)’ first required here 
  return out;
         ^
../interpreter.cpp: In function ‘std::ostream operator<<(std::ostream&, const IdNode&)’:
../interpreter.cpp:154:50: error: new declaration ‘std::ostream operator<<(std::ostream&, const IdNode&)’
 ostream operator<< (ostream& out, const IdNode& r) {
                                                  ^
In file included from ../interpreter.cpp:8:0:
../interpreter.h:32:18: error: ambiguates old declaration ‘std::ostream& operator<<(std::ostream&, const IdNode&)’
  friend ostream& operator<< (ostream&, const IdNode&);
                  ^
../interpreter.h:29:8: error: ‘char* IdNode::id’ is private
  char *id;
        ^
../interpreter.cpp:155:11: error: within this context
  out << r.id << " = " << r.value << endl;
           ^
In file included from ../interpreter.cpp:8:0:
../interpreter.h:30:9: error: ‘double IdNode::value’ is private
  double value;
         ^
../interpreter.cpp:155:28: error: within this context
  out << r.id << " = " << r.value << endl;
                            ^
make: *** [interpreter.o] Error 1
12:51:31 **** Incremental Build of configuration Debug for project Basic_Recursion ****
make all 
make: Nothing to be done for `all'.

**** Build of configuration Debug for project Fig56VonKoch ****

Nothing to build for project Fig56VonKoch
12:51:31 **** Incremental Build of configuration Debug for project Figure5-20-interpreter ****
make all 
Building file: ../interpreter.cpp
Invoking: GCC C++ Compiler
g++ -O0 -g3 -Wall -c -fmessage-length=0 -MMD -MP -MF"interpreter.d" -MT"interpreter.d" -o "interpreter.o" "../interpreter.cpp"
In file included from ../interpreter.cpp:8:0:
../interpreter.h:20:19: warning: deprecated conversion from string constant to ‘char*’ [-Wwrite-strings]
  IdNode(char *s = "", double e = 0) {
                   ^
../interpreter.cpp: In member function ‘double Statement::findValue(char*)’:
../interpreter.cpp:16:36: warning: deprecated conversion from string constant to ‘char*’ [-Wwrite-strings]
  else issueError("Unknown variable");
                                    ^
../interpreter.cpp: In member function ‘void Statement::readId(char*)’:
../interpreter.cpp:47:39: warning: deprecated conversion from string constant to ‘char*’ [-Wwrite-strings]
  else issueError("Identifier expected");
                                       ^
../interpreter.cpp: In member function ‘double Statement::factor()’:
../interpreter.cpp:61:7: error: ‘std::istream’ has no member named ‘pushback’
   cin.pushback(ch);
       ^
../interpreter.cpp:69:48: warning: deprecated conversion from string constant to ‘char*’ [-Wwrite-strings]
   else issueError("Right parenthesize left out");
                                                ^
../interpreter.cpp: In member function ‘void Statement::getStatement()’:
../interpreter.cpp:123:28: error: ‘strupr’ was not declared in this scope
  strupr(strcpy(command, id));
                            ^
../interpreter.cpp:137:56: warning: deprecated conversion from string constant to ‘char*’ [-Wwrite-strings]
     issueError("There are some extras in the statement");
                                                        ^
../interpreter.cpp:140:35: warning: deprecated conversion from string constant to ‘char*’ [-Wwrite-strings]
   else issueError("'=' is missing");
                                   ^
../interpreter.cpp: In function ‘std::ostream operator<<(std::ostream&, const Statement&)’:
../interpreter.cpp:144:53: error: new declaration ‘std::ostream operator<<(std::ostream&, const Statement&)’
 ostream operator<< (ostream& out, const Statement& s) {
                                                     ^
In file included from ../interpreter.cpp:8:0:
../interpreter.h:55:18: error: ambiguates old declaration ‘std::ostream& operator<<(std::ostream&, const Statement&)’
  friend ostream& operator<< (ostream&, const Statement&);
                  ^
../interpreter.h:42:15: error: ‘std::list<IdNode> Statement::idList’ is private
  list<IdNode> idList;
               ^
../interpreter.cpp:145:31: error: within this context
  list<IdNode>::iterator i = s.idList.begin();
                               ^
../interpreter.cpp:145:44: error: conversion from ‘std::list<IdNode>::const_iterator {aka std::_List_const_iterator<IdNode>}’ to non-scalar type ‘std::list<IdNode>::iterator {aka std::_List_iterator<IdNode>}’ requested
  list<IdNode>::iterator i = s.idList.begin();
                                            ^
In file included from ../interpreter.cpp:8:0:
../interpreter.h:42:15: error: ‘std::list<IdNode> Statement::idList’ is private
  list<IdNode> idList;
               ^
../interpreter.cpp:147:16: error: within this context
  for( ; i != s.idList.end(); i++)
                ^
In file included from /usr/include/c++/4.8/ios:42:0,
                 from /usr/include/c++/4.8/ostream:38,
                 from /usr/include/c++/4.8/iostream:39,
                 from ../interpreter.h:11,
                 from ../interpreter.cpp:8:
/usr/include/c++/4.8/bits/ios_base.h: In copy constructor ‘std::basic_ios<char>::basic_ios(const std::basic_ios<char>&)’:
/usr/include/c++/4.8/bits/ios_base.h:792:5: error: ‘std::ios_base::ios_base(const std::ios_base&)’ is private
     ios_base(const ios_base&);
     ^
In file included from /usr/include/c++/4.8/ios:44:0,
                 from /usr/include/c++/4.8/ostream:38,
                 from /usr/include/c++/4.8/iostream:39,
                 from ../interpreter.h:11,
                 from ../interpreter.cpp:8:
/usr/include/c++/4.8/bits/basic_ios.h:66:11: error: within this context
     class basic_ios : public ios_base
           ^
In file included from /usr/include/c++/4.8/iostream:39:0,
                 from ../interpreter.h:11,
                 from ../interpreter.cpp:8:
/usr/include/c++/4.8/ostream: In copy constructor ‘std::basic_ostream<char>::basic_ostream(const std::basic_ostream<char>&)’:
/usr/include/c++/4.8/ostream:58:11: note: synthesized method ‘std::basic_ios<char>::basic_ios(const std::basic_ios<char>&)’ first required here 
     class basic_ostream : virtual public basic_ios<_CharT, _Traits>
           ^
../interpreter.cpp: In function ‘std::ostream operator<<(std::ostream&, const Statement&)’:
../interpreter.cpp:151:9: note: synthesized method ‘std::basic_ostream<char>::basic_ostream(const std::basic_ostream<char>&)’ first required here 
  return out;
         ^
../interpreter.cpp: In function ‘std::ostream operator<<(std::ostream&, const IdNode&)’:
../interpreter.cpp:154:50: error: new declaration ‘std::ostream operator<<(std::ostream&, const IdNode&)’
 ostream operator<< (ostream& out, const IdNode& r) {
                                                  ^
In file included from ../interpreter.cpp:8:0:
../interpreter.h:32:18: error: ambiguates old declaration ‘std::ostream& operator<<(std::ostream&, const IdNode&)’
  friend ostream& operator<< (ostream&, const IdNode&);
                  ^
../interpreter.h:29:8: error: ‘char* IdNode::id’ is private
  char *id;
        ^
../interpreter.cpp:155:11: error: within this context
  out << r.id << " = " << r.value << endl;
           ^
In file included from ../interpreter.cpp:8:0:
../interpreter.h:30:9: error: ‘double IdNode::value’ is private
  double value;
         ^
../interpreter.cpp:155:28: error: within this context
  out << r.id << " = " << r.value << endl;
                            ^
make: *** [interpreter.o] Error 1
12:51:31 **** Incremental Build of configuration Debug for project fig513-chessRecursion ****
make all 
make: Nothing to be done for `all'.
12:51:58 **** Incremental Build of configuration Debug for project Figure5-20-interpreter ****
make all 
Building file: ../interpreter.cpp
Invoking: GCC C++ Compiler
g++ -O0 -g3 -Wall -c -fmessage-length=0 -MMD -MP -MF"interpreter.d" -MT"interpreter.d" -o "interpreter.o" "../interpreter.cpp"
In file included from ../interpreter.cpp:8:0:
../interpreter.h:20:19: warning: deprecated conversion from string constant to ‘char*’ [-Wwrite-strings]
  IdNode(char *s = "", double e = 0) {
                   ^
../interpreter.cpp: In member function ‘double Statement::findValue(char*)’:
../interpreter.cpp:16:36: warning: deprecated conversion from string constant to ‘char*’ [-Wwrite-strings]
  else issueError("Unknown variable");
                                    ^
../interpreter.cpp: In member function ‘void Statement::readId(char*)’:
../interpreter.cpp:47:39: warning: deprecated conversion from string constant to ‘char*’ [-Wwrite-strings]
  else issueError("Identifier expected");
                                       ^
../interpreter.cpp: In member function ‘double Statement::factor()’:
../interpreter.cpp:61:7: error: ‘std::istream’ has no member named ‘pushback’
   cin.pushback(ch);
       ^
../interpreter.cpp:69:48: warning: deprecated conversion from string constant to ‘char*’ [-Wwrite-strings]
   else issueError("Right parenthesize left out");
                                                ^
../interpreter.cpp: In member function ‘void Statement::getStatement()’:
../interpreter.cpp:123:28: error: ‘strupr’ was not declared in this scope
  strupr(strcpy(command, id));
                            ^
../interpreter.cpp:137:56: warning: deprecated conversion from string constant to ‘char*’ [-Wwrite-strings]
     issueError("There are some extras in the statement");
                                                        ^
../interpreter.cpp:140:35: warning: deprecated conversion from string constant to ‘char*’ [-Wwrite-strings]
   else issueError("'=' is missing");
                                   ^
../interpreter.cpp: In function ‘std::ostream operator<<(std::ostream&, const Statement&)’:
../interpreter.cpp:144:53: error: new declaration ‘std::ostream operator<<(std::ostream&, const Statement&)’
 ostream operator<< (ostream& out, const Statement& s) {
                                                     ^
In file included from ../interpreter.cpp:8:0:
../interpreter.h:55:18: error: ambiguates old declaration ‘std::ostream& operator<<(std::ostream&, const Statement&)’
  friend ostream& operator<< (ostream&, const Statement&);
                  ^
../interpreter.h:42:15: error: ‘std::list<IdNode> Statement::idList’ is private
  list<IdNode> idList;
               ^
../interpreter.cpp:145:31: error: within this context
  list<IdNode>::iterator i = s.idList.begin();
                               ^
../interpreter.cpp:145:44: error: conversion from ‘std::list<IdNode>::const_iterator {aka std::_List_const_iterator<IdNode>}’ to non-scalar type ‘std::list<IdNode>::iterator {aka std::_List_iterator<IdNode>}’ requested
  list<IdNode>::iterator i = s.idList.begin();
                                            ^
In file included from ../interpreter.cpp:8:0:
../interpreter.h:42:15: error: ‘std::list<IdNode> Statement::idList’ is private
  list<IdNode> idList;
               ^
../interpreter.cpp:147:16: error: within this context
  for( ; i != s.idList.end(); i++)
                ^
In file included from /usr/include/c++/4.8/ios:42:0,
                 from /usr/include/c++/4.8/ostream:38,
                 from /usr/include/c++/4.8/iostream:39,
                 from ../interpreter.h:11,
                 from ../interpreter.cpp:8:
/usr/include/c++/4.8/bits/ios_base.h: In copy constructor ‘std::basic_ios<char>::basic_ios(const std::basic_ios<char>&)’:
/usr/include/c++/4.8/bits/ios_base.h:792:5: error: ‘std::ios_base::ios_base(const std::ios_base&)’ is private
     ios_base(const ios_base&);
     ^
In file included from /usr/include/c++/4.8/ios:44:0,
                 from /usr/include/c++/4.8/ostream:38,
                 from /usr/include/c++/4.8/iostream:39,
                 from ../interpreter.h:11,
                 from ../interpreter.cpp:8:
/usr/include/c++/4.8/bits/basic_ios.h:66:11: error: within this context
     class basic_ios : public ios_base
           ^
In file included from /usr/include/c++/4.8/iostream:39:0,
                 from ../interpreter.h:11,
                 from ../interpreter.cpp:8:
/usr/include/c++/4.8/ostream: In copy constructor ‘std::basic_ostream<char>::basic_ostream(const std::basic_ostream<char>&)’:
/usr/include/c++/4.8/ostream:58:11: note: synthesized method ‘std::basic_ios<char>::basic_ios(const std::basic_ios<char>&)’ first required here 
     class basic_ostream : virtual public basic_ios<_CharT, _Traits>
           ^
../interpreter.cpp: In function ‘std::ostream operator<<(std::ostream&, const Statement&)’:
../interpreter.cpp:151:9: note: synthesized method ‘std::basic_ostream<char>::basic_ostream(const std::basic_ostream<char>&)’ first required here 
  return out;
         ^
../interpreter.cpp: In function ‘std::ostream operator<<(std::ostream&, const IdNode&)’:
../interpreter.cpp:154:50: error: new declaration ‘std::ostream operator<<(std::ostream&, const IdNode&)’
 ostream operator<< (ostream& out, const IdNode& r) {
                                                  ^
In file included from ../interpreter.cpp:8:0:
../interpreter.h:32:18: error: ambiguates old declaration ‘std::ostream& operator<<(std::ostream&, const IdNode&)’
  friend ostream& operator<< (ostream&, const IdNode&);
                  ^
../interpreter.h:29:8: error: ‘char* IdNode::id’ is private
  char *id;
        ^
../interpreter.cpp:155:11: error: within this context
  out << r.id << " = " << r.value << endl;
           ^
In file included from ../interpreter.cpp:8:0:
../interpreter.h:30:9: error: ‘double IdNode::value’ is private
  double value;
         ^
../interpreter.cpp:155:28: error: within this context
  out << r.id << " = " << r.value << endl;
                            ^
make: *** [interpreter.o] Error 1
12:52:39 **** Incremental Build of configuration Debug for project Figure5-20-interpreter ****
make all 
Building file: ../interpreter.cpp
Invoking: GCC C++ Compiler
g++ -O0 -g3 -Wall -c -fmessage-length=0 -MMD -MP -MF"interpreter.d" -MT"interpreter.d" -o "interpreter.o" "../interpreter.cpp"
In file included from ../interpreter.cpp:8:0:
../interpreter.h:20:19: warning: deprecated conversion from string constant to ‘char*’ [-Wwrite-strings]
  IdNode(char *s = "", double e = 0) {
                   ^
../interpreter.cpp: In member function ‘double Statement::findValue(char*)’:
../interpreter.cpp:16:36: warning: deprecated conversion from string constant to ‘char*’ [-Wwrite-strings]
  else issueError("Unknown variable");
                                    ^
../interpreter.cpp: In member function ‘void Statement::readId(char*)’:
../interpreter.cpp:47:39: warning: deprecated conversion from string constant to ‘char*’ [-Wwrite-strings]
  else issueError("Identifier expected");
                                       ^
../interpreter.cpp: In member function ‘double Statement::factor()’:
../interpreter.cpp:69:48: warning: deprecated conversion from string constant to ‘char*’ [-Wwrite-strings]
   else issueError("Right parenthesize left out");
                                                ^
../interpreter.cpp: In member function ‘void Statement::getStatement()’:
../interpreter.cpp:123:28: error: ‘strupr’ was not declared in this scope
  strupr(strcpy(command, id));
                            ^
../interpreter.cpp:137:56: warning: deprecated conversion from string constant to ‘char*’ [-Wwrite-strings]
     issueError("There are some extras in the statement");
                                                        ^
../interpreter.cpp:140:35: warning: deprecated conversion from string constant to ‘char*’ [-Wwrite-strings]
   else issueError("'=' is missing");
                                   ^
../interpreter.cpp: In function ‘std::ostream operator<<(std::ostream&, const Statement&)’:
../interpreter.cpp:144:53: error: new declaration ‘std::ostream operator<<(std::ostream&, const Statement&)’
 ostream operator<< (ostream& out, const Statement& s) {
                                                     ^
In file included from ../interpreter.cpp:8:0:
../interpreter.h:55:18: error: ambiguates old declaration ‘std::ostream& operator<<(std::ostream&, const Statement&)’
  friend ostream& operator<< (ostream&, const Statement&);
                  ^
../interpreter.h:42:15: error: ‘std::list<IdNode> Statement::idList’ is private
  list<IdNode> idList;
               ^
../interpreter.cpp:145:31: error: within this context
  list<IdNode>::iterator i = s.idList.begin();
                               ^
../interpreter.cpp:145:44: error: conversion from ‘std::list<IdNode>::const_iterator {aka std::_List_const_iterator<IdNode>}’ to non-scalar type ‘std::list<IdNode>::iterator {aka std::_List_iterator<IdNode>}’ requested
  list<IdNode>::iterator i = s.idList.begin();
                                            ^
In file included from ../interpreter.cpp:8:0:
../interpreter.h:42:15: error: ‘std::list<IdNode> Statement::idList’ is private
  list<IdNode> idList;
               ^
../interpreter.cpp:147:16: error: within this context
  for( ; i != s.idList.end(); i++)
                ^
In file included from /usr/include/c++/4.8/ios:42:0,
                 from /usr/include/c++/4.8/ostream:38,
                 from /usr/include/c++/4.8/iostream:39,
                 from ../interpreter.h:11,
                 from ../interpreter.cpp:8:
/usr/include/c++/4.8/bits/ios_base.h: In copy constructor ‘std::basic_ios<char>::basic_ios(const std::basic_ios<char>&)’:
/usr/include/c++/4.8/bits/ios_base.h:792:5: error: ‘std::ios_base::ios_base(const std::ios_base&)’ is private
     ios_base(const ios_base&);
     ^
In file included from /usr/include/c++/4.8/ios:44:0,
                 from /usr/include/c++/4.8/ostream:38,
                 from /usr/include/c++/4.8/iostream:39,
                 from ../interpreter.h:11,
                 from ../interpreter.cpp:8:
/usr/include/c++/4.8/bits/basic_ios.h:66:11: error: within this context
     class basic_ios : public ios_base
           ^
In file included from /usr/include/c++/4.8/iostream:39:0,
                 from ../interpreter.h:11,
                 from ../interpreter.cpp:8:
/usr/include/c++/4.8/ostream: In copy constructor ‘std::basic_ostream<char>::basic_ostream(const std::basic_ostream<char>&)’:
/usr/include/c++/4.8/ostream:58:11: note: synthesized method ‘std::basic_ios<char>::basic_ios(const std::basic_ios<char>&)’ first required here 
     class basic_ostream : virtual public basic_ios<_CharT, _Traits>
           ^
../interpreter.cpp: In function ‘std::ostream operator<<(std::ostream&, const Statement&)’:
../interpreter.cpp:151:9: note: synthesized method ‘std::basic_ostream<char>::basic_ostream(const std::basic_ostream<char>&)’ first required here 
  return out;
         ^
../interpreter.cpp: In function ‘std::ostream operator<<(std::ostream&, const IdNode&)’:
../interpreter.cpp:154:50: error: new declaration ‘std::ostream operator<<(std::ostream&, const IdNode&)’
 ostream operator<< (ostream& out, const IdNode& r) {
                                                  ^
In file included from ../interpreter.cpp:8:0:
../interpreter.h:32:18: error: ambiguates old declaration ‘std::ostream& operator<<(std::ostream&, const IdNode&)’
  friend ostream& operator<< (ostream&, const IdNode&);
                  ^
../interpreter.h:29:8: error: ‘char* IdNode::id’ is private
  char *id;
        ^
../interpreter.cpp:155:11: error: within this context
  out << r.id << " = " << r.value << endl;
           ^
In file included from ../interpreter.cpp:8:0:
../interpreter.h:30:9: error: ‘double IdNode::value’ is private
  double value;
         ^
../interpreter.cpp:155:28: error: within this context
  out << r.id << " = " << r.value << endl;
                            ^
make: *** [interpreter.o] Error 1
12:53:01 **** Incremental Build of configuration Debug for project Figure5-20-interpreter ****
make all 
Building file: ../interpreter.cpp
Invoking: GCC C++ Compiler
g++ -O0 -g3 -Wall -c -fmessage-length=0 -MMD -MP -MF"interpreter.d" -MT"interpreter.d" -o "interpreter.o" "../interpreter.cpp"
In file included from ../interpreter.cpp:8:0:
../interpreter.h:20:19: warning: deprecated conversion from string constant to ‘char*’ [-Wwrite-strings]
  IdNode(char *s = "", double e = 0) {
                   ^
../interpreter.cpp: In member function ‘double Statement::findValue(char*)’:
../interpreter.cpp:17:36: warning: deprecated conversion from string constant to ‘char*’ [-Wwrite-strings]
  else issueError("Unknown variable");
                                    ^
../interpreter.cpp: In member function ‘void Statement::readId(char*)’:
../interpreter.cpp:48:39: warning: deprecated conversion from string constant to ‘char*’ [-Wwrite-strings]
  else issueError("Identifier expected");
                                       ^
../interpreter.cpp: In member function ‘double Statement::factor()’:
../interpreter.cpp:70:48: warning: deprecated conversion from string constant to ‘char*’ [-Wwrite-strings]
   else issueError("Right parenthesize left out");
                                                ^
../interpreter.cpp: In member function ‘void Statement::getStatement()’:
../interpreter.cpp:124:28: error: ‘strupr’ was not declared in this scope
  strupr(strcpy(command, id));
                            ^
../interpreter.cpp:138:56: warning: deprecated conversion from string constant to ‘char*’ [-Wwrite-strings]
     issueError("There are some extras in the statement");
                                                        ^
../interpreter.cpp:141:35: warning: deprecated conversion from string constant to ‘char*’ [-Wwrite-strings]
   else issueError("'=' is missing");
                                   ^
../interpreter.cpp: In function ‘std::ostream operator<<(std::ostream&, const Statement&)’:
../interpreter.cpp:145:53: error: new declaration ‘std::ostream operator<<(std::ostream&, const Statement&)’
 ostream operator<< (ostream& out, const Statement& s) {
                                                     ^
In file included from ../interpreter.cpp:8:0:
../interpreter.h:55:18: error: ambiguates old declaration ‘std::ostream& operator<<(std::ostream&, const Statement&)’
  friend ostream& operator<< (ostream&, const Statement&);
                  ^
../interpreter.h:42:15: error: ‘std::list<IdNode> Statement::idList’ is private
  list<IdNode> idList;
               ^
../interpreter.cpp:146:31: error: within this context
  list<IdNode>::iterator i = s.idList.begin();
                               ^
../interpreter.cpp:146:44: error: conversion from ‘std::list<IdNode>::const_iterator {aka std::_List_const_iterator<IdNode>}’ to non-scalar type ‘std::list<IdNode>::iterator {aka std::_List_iterator<IdNode>}’ requested
  list<IdNode>::iterator i = s.idList.begin();
                                            ^
In file included from ../interpreter.cpp:8:0:
../interpreter.h:42:15: error: ‘std::list<IdNode> Statement::idList’ is private
  list<IdNode> idList;
               ^
../interpreter.cpp:148:16: error: within this context
  for( ; i != s.idList.end(); i++)
                ^
In file included from /usr/include/c++/4.8/ios:42:0,
                 from /usr/include/c++/4.8/ostream:38,
                 from /usr/include/c++/4.8/iostream:39,
                 from ../interpreter.h:11,
                 from ../interpreter.cpp:8:
/usr/include/c++/4.8/bits/ios_base.h: In copy constructor ‘std::basic_ios<char>::basic_ios(const std::basic_ios<char>&)’:
/usr/include/c++/4.8/bits/ios_base.h:792:5: error: ‘std::ios_base::ios_base(const std::ios_base&)’ is private
     ios_base(const ios_base&);
     ^
In file included from /usr/include/c++/4.8/ios:44:0,
                 from /usr/include/c++/4.8/ostream:38,
                 from /usr/include/c++/4.8/iostream:39,
                 from ../interpreter.h:11,
                 from ../interpreter.cpp:8:
/usr/include/c++/4.8/bits/basic_ios.h:66:11: error: within this context
     class basic_ios : public ios_base
           ^
In file included from /usr/include/c++/4.8/iostream:39:0,
                 from ../interpreter.h:11,
                 from ../interpreter.cpp:8:
/usr/include/c++/4.8/ostream: In copy constructor ‘std::basic_ostream<char>::basic_ostream(const std::basic_ostream<char>&)’:
/usr/include/c++/4.8/ostream:58:11: note: synthesized method ‘std::basic_ios<char>::basic_ios(const std::basic_ios<char>&)’ first required here 
     class basic_ostream : virtual public basic_ios<_CharT, _Traits>
           ^
../interpreter.cpp: In function ‘std::ostream operator<<(std::ostream&, const Statement&)’:
../interpreter.cpp:152:9: note: synthesized method ‘std::basic_ostream<char>::basic_ostream(const std::basic_ostream<char>&)’ first required here 
  return out;
         ^
../interpreter.cpp: In function ‘std::ostream operator<<(std::ostream&, const IdNode&)’:
../interpreter.cpp:155:50: error: new declaration ‘std::ostream operator<<(std::ostream&, const IdNode&)’
 ostream operator<< (ostream& out, const IdNode& r) {
                                                  ^
In file included from ../interpreter.cpp:8:0:
../interpreter.h:32:18: error: ambiguates old declaration ‘std::ostream& operator<<(std::ostream&, const IdNode&)’
  friend ostream& operator<< (ostream&, const IdNode&);
                  ^
../interpreter.h:29:8: error: ‘char* IdNode::id’ is private
  char *id;
        ^
../interpreter.cpp:156:11: error: within this context
  out << r.id << " = " << r.value << endl;
           ^
In file included from ../interpreter.cpp:8:0:
../interpreter.h:30:9: error: ‘double IdNode::value’ is private
  double value;
         ^
../interpreter.cpp:156:28: error: within this context
  out << r.id << " = " << r.value << endl;
                            ^
make: *** [interpreter.o] Error 1
12:53:06 **** Incremental Build of configuration Debug for project Figure5-20-interpreter ****
make all 
Building file: ../interpreter.cpp
Invoking: GCC C++ Compiler
g++ -O0 -g3 -Wall -c -fmessage-length=0 -MMD -MP -MF"interpreter.d" -MT"interpreter.d" -o "interpreter.o" "../interpreter.cpp"
In file included from ../interpreter.cpp:8:0:
../interpreter.h:20:19: warning: deprecated conversion from string constant to ‘char*’ [-Wwrite-strings]
  IdNode(char *s = "", double e = 0) {
                   ^
../interpreter.cpp: In member function ‘double Statement::findValue(char*)’:
../interpreter.cpp:17:36: warning: deprecated conversion from string constant to ‘char*’ [-Wwrite-strings]
  else issueError("Unknown variable");
                                    ^
../interpreter.cpp: In member function ‘void Statement::readId(char*)’:
../interpreter.cpp:48:39: warning: deprecated conversion from string constant to ‘char*’ [-Wwrite-strings]
  else issueError("Identifier expected");
                                       ^
../interpreter.cpp: In member function ‘double Statement::factor()’:
../interpreter.cpp:70:48: warning: deprecated conversion from string constant to ‘char*’ [-Wwrite-strings]
   else issueError("Right parenthesize left out");
                                                ^
../interpreter.cpp: In member function ‘void Statement::getStatement()’:
../interpreter.cpp:124:28: error: ‘strupr’ was not declared in this scope
  strupr(strcpy(command, id));
                            ^
../interpreter.cpp:138:56: warning: deprecated conversion from string constant to ‘char*’ [-Wwrite-strings]
     issueError("There are some extras in the statement");
                                                        ^
../interpreter.cpp:141:35: warning: deprecated conversion from string constant to ‘char*’ [-Wwrite-strings]
   else issueError("'=' is missing");
                                   ^
../interpreter.cpp: In function ‘std::ostream operator<<(std::ostream&, const Statement&)’:
../interpreter.cpp:145:53: error: new declaration ‘std::ostream operator<<(std::ostream&, const Statement&)’
 ostream operator<< (ostream& out, const Statement& s) {
                                                     ^
In file included from ../interpreter.cpp:8:0:
../interpreter.h:55:18: error: ambiguates old declaration ‘std::ostream& operator<<(std::ostream&, const Statement&)’
  friend ostream& operator<< (ostream&, const Statement&);
                  ^
../interpreter.h:42:15: error: ‘std::list<IdNode> Statement::idList’ is private
  list<IdNode> idList;
               ^
../interpreter.cpp:146:31: error: within this context
  list<IdNode>::iterator i = s.idList.begin();
                               ^
../interpreter.cpp:146:44: error: conversion from ‘std::list<IdNode>::const_iterator {aka std::_List_const_iterator<IdNode>}’ to non-scalar type ‘std::list<IdNode>::iterator {aka std::_List_iterator<IdNode>}’ requested
  list<IdNode>::iterator i = s.idList.begin();
                                            ^
In file included from ../interpreter.cpp:8:0:
../interpreter.h:42:15: error: ‘std::list<IdNode> Statement::idList’ is private
  list<IdNode> idList;
               ^
../interpreter.cpp:148:16: error: within this context
  for( ; i != s.idList.end(); i++)
                ^
In file included from /usr/include/c++/4.8/ios:42:0,
                 from /usr/include/c++/4.8/ostream:38,
                 from /usr/include/c++/4.8/iostream:39,
                 from ../interpreter.h:11,
                 from ../interpreter.cpp:8:
/usr/include/c++/4.8/bits/ios_base.h: In copy constructor ‘std::basic_ios<char>::basic_ios(const std::basic_ios<char>&)’:
/usr/include/c++/4.8/bits/ios_base.h:792:5: error: ‘std::ios_base::ios_base(const std::ios_base&)’ is private
     ios_base(const ios_base&);
     ^
In file included from /usr/include/c++/4.8/ios:44:0,
                 from /usr/include/c++/4.8/ostream:38,
                 from /usr/include/c++/4.8/iostream:39,
                 from ../interpreter.h:11,
                 from ../interpreter.cpp:8:
/usr/include/c++/4.8/bits/basic_ios.h:66:11: error: within this context
     class basic_ios : public ios_base
           ^
In file included from /usr/include/c++/4.8/iostream:39:0,
                 from ../interpreter.h:11,
                 from ../interpreter.cpp:8:
/usr/include/c++/4.8/ostream: In copy constructor ‘std::basic_ostream<char>::basic_ostream(const std::basic_ostream<char>&)’:
/usr/include/c++/4.8/ostream:58:11: note: synthesized method ‘std::basic_ios<char>::basic_ios(const std::basic_ios<char>&)’ first required here 
     class basic_ostream : virtual public basic_ios<_CharT, _Traits>
           ^
../interpreter.cpp: In function ‘std::ostream operator<<(std::ostream&, const Statement&)’:
../interpreter.cpp:152:9: note: synthesized method ‘std::basic_ostream<char>::basic_ostream(const std::basic_ostream<char>&)’ first required here 
  return out;
         ^
../interpreter.cpp: In function ‘std::ostream operator<<(std::ostream&, const IdNode&)’:
../interpreter.cpp:155:50: error: new declaration ‘std::ostream operator<<(std::ostream&, const IdNode&)’
 ostream operator<< (ostream& out, const IdNode& r) {
                                                  ^
In file included from ../interpreter.cpp:8:0:
../interpreter.h:32:18: error: ambiguates old declaration ‘std::ostream& operator<<(std::ostream&, const IdNode&)’
  friend ostream& operator<< (ostream&, const IdNode&);
                  ^
../interpreter.h:29:8: error: ‘char* IdNode::id’ is private
  char *id;
        ^
../interpreter.cpp:156:11: error: within this context
  out << r.id << " = " << r.value << endl;
           ^
In file included from ../interpreter.cpp:8:0:
../interpreter.h:30:9: error: ‘double IdNode::value’ is private
  double value;
         ^
../interpreter.cpp:156:28: error: within this context
  out << r.id << " = " << r.value << endl;
                            ^
make: *** [interpreter.o] Error 1
12:53:14 **** Incremental Build of configuration Debug for project Figure5-20-interpreter ****
make all 
Building file: ../interpreter.cpp
Invoking: GCC C++ Compiler
g++ -O0 -g3 -Wall -c -fmessage-length=0 -MMD -MP -MF"interpreter.d" -MT"interpreter.d" -o "interpreter.o" "../interpreter.cpp"
In file included from ../interpreter.cpp:8:0:
../interpreter.h:20:19: warning: deprecated conversion from string constant to ‘char*’ [-Wwrite-strings]
  IdNode(char *s = "", double e = 0) {
                   ^
../interpreter.cpp: In member function ‘double Statement::findValue(char*)’:
../interpreter.cpp:16:36: warning: deprecated conversion from string constant to ‘char*’ [-Wwrite-strings]
  else issueError("Unknown variable");
                                    ^
../interpreter.cpp: In member function ‘void Statement::readId(char*)’:
../interpreter.cpp:47:39: warning: deprecated conversion from string constant to ‘char*’ [-Wwrite-strings]
  else issueError("Identifier expected");
                                       ^
../interpreter.cpp: In member function ‘double Statement::factor()’:
../interpreter.cpp:69:48: warning: deprecated conversion from string constant to ‘char*’ [-Wwrite-strings]
   else issueError("Right parenthesize left out");
                                                ^
../interpreter.cpp: In member function ‘void Statement::getStatement()’:
../interpreter.cpp:123:28: error: ‘strupr’ was not declared in this scope
  strupr(strcpy(command, id));
                            ^
../interpreter.cpp:137:56: warning: deprecated conversion from string constant to ‘char*’ [-Wwrite-strings]
     issueError("There are some extras in the statement");
                                                        ^
../interpreter.cpp:140:35: warning: deprecated conversion from string constant to ‘char*’ [-Wwrite-strings]
   else issueError("'=' is missing");
                                   ^
../interpreter.cpp: In function ‘std::ostream operator<<(std::ostream&, const Statement&)’:
../interpreter.cpp:144:53: error: new declaration ‘std::ostream operator<<(std::ostream&, const Statement&)’
 ostream operator<< (ostream& out, const Statement& s) {
                                                     ^
In file included from ../interpreter.cpp:8:0:
../interpreter.h:55:18: error: ambiguates old declaration ‘std::ostream& operator<<(std::ostream&, const Statement&)’
  friend ostream& operator<< (ostream&, const Statement&);
                  ^
../interpreter.h:42:15: error: ‘std::list<IdNode> Statement::idList’ is private
  list<IdNode> idList;
               ^
../interpreter.cpp:145:31: error: within this context
  list<IdNode>::iterator i = s.idList.begin();
                               ^
../interpreter.cpp:145:44: error: conversion from ‘std::list<IdNode>::const_iterator {aka std::_List_const_iterator<IdNode>}’ to non-scalar type ‘std::list<IdNode>::iterator {aka std::_List_iterator<IdNode>}’ requested
  list<IdNode>::iterator i = s.idList.begin();
                                            ^
In file included from ../interpreter.cpp:8:0:
../interpreter.h:42:15: error: ‘std::list<IdNode> Statement::idList’ is private
  list<IdNode> idList;
               ^
../interpreter.cpp:147:16: error: within this context
  for( ; i != s.idList.end(); i++)
                ^
In file included from /usr/include/c++/4.8/ios:42:0,
                 from /usr/include/c++/4.8/ostream:38,
                 from /usr/include/c++/4.8/iostream:39,
                 from ../interpreter.h:11,
                 from ../interpreter.cpp:8:
/usr/include/c++/4.8/bits/ios_base.h: In copy constructor ‘std::basic_ios<char>::basic_ios(const std::basic_ios<char>&)’:
/usr/include/c++/4.8/bits/ios_base.h:792:5: error: ‘std::ios_base::ios_base(const std::ios_base&)’ is private
     ios_base(const ios_base&);
     ^
In file included from /usr/include/c++/4.8/ios:44:0,
                 from /usr/include/c++/4.8/ostream:38,
                 from /usr/include/c++/4.8/iostream:39,
                 from ../interpreter.h:11,
                 from ../interpreter.cpp:8:
/usr/include/c++/4.8/bits/basic_ios.h:66:11: error: within this context
     class basic_ios : public ios_base
           ^
In file included from /usr/include/c++/4.8/iostream:39:0,
                 from ../interpreter.h:11,
                 from ../interpreter.cpp:8:
/usr/include/c++/4.8/ostream: In copy constructor ‘std::basic_ostream<char>::basic_ostream(const std::basic_ostream<char>&)’:
/usr/include/c++/4.8/ostream:58:11: note: synthesized method ‘std::basic_ios<char>::basic_ios(const std::basic_ios<char>&)’ first required here 
     class basic_ostream : virtual public basic_ios<_CharT, _Traits>
           ^
../interpreter.cpp: In function ‘std::ostream operator<<(std::ostream&, const Statement&)’:
../interpreter.cpp:151:9: note: synthesized method ‘std::basic_ostream<char>::basic_ostream(const std::basic_ostream<char>&)’ first required here 
  return out;
         ^
../interpreter.cpp: In function ‘std::ostream operator<<(std::ostream&, const IdNode&)’:
../interpreter.cpp:154:50: error: new declaration ‘std::ostream operator<<(std::ostream&, const IdNode&)’
 ostream operator<< (ostream& out, const IdNode& r) {
                                                  ^
In file included from ../interpreter.cpp:8:0:
../interpreter.h:32:18: error: ambiguates old declaration ‘std::ostream& operator<<(std::ostream&, const IdNode&)’
  friend ostream& operator<< (ostream&, const IdNode&);
                  ^
../interpreter.h:29:8: error: ‘char* IdNode::id’ is private
  char *id;
        ^
../interpreter.cpp:155:11: error: within this context
  out << r.id << " = " << r.value << endl;
           ^
In file included from ../interpreter.cpp:8:0:
../interpreter.h:30:9: error: ‘double IdNode::value’ is private
  double value;
         ^
../interpreter.cpp:155:28: error: within this context
  out << r.id << " = " << r.value << endl;
                            ^
make: *** [interpreter.o] Error 1
12:56:14 **** Incremental Build of configuration Debug for project Figure5-20-interpreter ****
make all 
Building file: ../interpreter.cpp
Invoking: GCC C++ Compiler
g++ -O0 -g3 -Wall -c -fmessage-length=0 -MMD -MP -MF"interpreter.d" -MT"interpreter.d" -o "interpreter.o" "../interpreter.cpp"
In file included from ../interpreter.cpp:9:0:
../interpreter.h:20:19: warning: deprecated conversion from string constant to ‘char*’ [-Wwrite-strings]
  IdNode(char *s = "", double e = 0) {
                   ^
../interpreter.cpp: In function ‘std::string& stoupper(const string&)’:
../interpreter.cpp:13:15: warning: reference to local variable ‘result’ returned [-Wreturn-local-addr]
   std::string result( s );
               ^
../interpreter.cpp: In member function ‘double Statement::findValue(char*)’:
../interpreter.cpp:29:36: warning: deprecated conversion from string constant to ‘char*’ [-Wwrite-strings]
  else issueError("Unknown variable");
                                    ^
../interpreter.cpp: In member function ‘void Statement::readId(char*)’:
../interpreter.cpp:60:39: warning: deprecated conversion from string constant to ‘char*’ [-Wwrite-strings]
  else issueError("Identifier expected");
                                       ^
../interpreter.cpp: In member function ‘double Statement::factor()’:
../interpreter.cpp:82:48: warning: deprecated conversion from string constant to ‘char*’ [-Wwrite-strings]
   else issueError("Right parenthesize left out");
                                                ^
../interpreter.cpp: In member function ‘void Statement::getStatement()’:
../interpreter.cpp:150:56: warning: deprecated conversion from string constant to ‘char*’ [-Wwrite-strings]
     issueError("There are some extras in the statement");
                                                        ^
../interpreter.cpp:153:35: warning: deprecated conversion from string constant to ‘char*’ [-Wwrite-strings]
   else issueError("'=' is missing");
                                   ^
../interpreter.cpp: In function ‘std::ostream operator<<(std::ostream&, const Statement&)’:
../interpreter.cpp:157:53: error: new declaration ‘std::ostream operator<<(std::ostream&, const Statement&)’
 ostream operator<< (ostream& out, const Statement& s) {
                                                     ^
In file included from ../interpreter.cpp:9:0:
../interpreter.h:55:18: error: ambiguates old declaration ‘std::ostream& operator<<(std::ostream&, const Statement&)’
  friend ostream& operator<< (ostream&, const Statement&);
                  ^
../interpreter.h:42:15: error: ‘std::list<IdNode> Statement::idList’ is private
  list<IdNode> idList;
               ^
../interpreter.cpp:158:31: error: within this context
  list<IdNode>::iterator i = s.idList.begin();
                               ^
../interpreter.cpp:158:44: error: conversion from ‘std::list<IdNode>::const_iterator {aka std::_List_const_iterator<IdNode>}’ to non-scalar type ‘std::list<IdNode>::iterator {aka std::_List_iterator<IdNode>}’ requested
  list<IdNode>::iterator i = s.idList.begin();
                                            ^
In file included from ../interpreter.cpp:9:0:
../interpreter.h:42:15: error: ‘std::list<IdNode> Statement::idList’ is private
  list<IdNode> idList;
               ^
../interpreter.cpp:160:16: error: within this context
  for( ; i != s.idList.end(); i++)
                ^
In file included from /usr/include/c++/4.8/ios:42:0,
                 from /usr/include/c++/4.8/ostream:38,
                 from /usr/include/c++/4.8/iostream:39,
                 from ../interpreter.h:11,
                 from ../interpreter.cpp:9:
/usr/include/c++/4.8/bits/ios_base.h: In copy constructor ‘std::basic_ios<char>::basic_ios(const std::basic_ios<char>&)’:
/usr/include/c++/4.8/bits/ios_base.h:792:5: error: ‘std::ios_base::ios_base(const std::ios_base&)’ is private
     ios_base(const ios_base&);
     ^
In file included from /usr/include/c++/4.8/ios:44:0,
                 from /usr/include/c++/4.8/ostream:38,
                 from /usr/include/c++/4.8/iostream:39,
                 from ../interpreter.h:11,
                 from ../interpreter.cpp:9:
/usr/include/c++/4.8/bits/basic_ios.h:66:11: error: within this context
     class basic_ios : public ios_base
           ^
In file included from /usr/include/c++/4.8/iostream:39:0,
                 from ../interpreter.h:11,
                 from ../interpreter.cpp:9:
/usr/include/c++/4.8/ostream: In copy constructor ‘std::basic_ostream<char>::basic_ostream(const std::basic_ostream<char>&)’:
/usr/include/c++/4.8/ostream:58:11: note: synthesized method ‘std::basic_ios<char>::basic_ios(const std::basic_ios<char>&)’ first required here 
     class basic_ostream : virtual public basic_ios<_CharT, _Traits>
           ^
../interpreter.cpp: In function ‘std::ostream operator<<(std::ostream&, const Statement&)’:
../interpreter.cpp:164:9: note: synthesized method ‘std::basic_ostream<char>::basic_ostream(const std::basic_ostream<char>&)’ first required here 
  return out;
         ^
../interpreter.cpp: In function ‘std::ostream operator<<(std::ostream&, const IdNode&)’:
../interpreter.cpp:167:50: error: new declaration ‘std::ostream operator<<(std::ostream&, const IdNode&)’
 ostream operator<< (ostream& out, const IdNode& r) {
                                                  ^
In file included from ../interpreter.cpp:9:0:
../interpreter.h:32:18: error: ambiguates old declaration ‘std::ostream& operator<<(std::ostream&, const IdNode&)’
  friend ostream& operator<< (ostream&, const IdNode&);
                  ^
../interpreter.h:29:8: error: ‘char* IdNode::id’ is private
  char *id;
        ^
../interpreter.cpp:168:11: error: within this context
  out << r.id << " = " << r.value << endl;
           ^
In file included from ../interpreter.cpp:9:0:
../interpreter.h:30:9: error: ‘double IdNode::value’ is private
  double value;
         ^
../interpreter.cpp:168:28: error: within this context
  out << r.id << " = " << r.value << endl;
                            ^
make: *** [interpreter.o] Error 1
12:57:38 **** Incremental Build of configuration Debug for project Figure5-20-interpreter ****
make all 
Building file: ../interpreter.cpp
Invoking: GCC C++ Compiler
g++ -O0 -g3 -Wall -c -fmessage-length=0 -MMD -MP -MF"interpreter.d" -MT"interpreter.d" -o "interpreter.o" "../interpreter.cpp"
In file included from ../interpreter.cpp:9:0:
../interpreter.h:20:19: warning: deprecated conversion from string constant to ‘char*’ [-Wwrite-strings]
  IdNode(char *s = "", double e = 0) {
                   ^
../interpreter.cpp: In function ‘std::string& stoupper(const string&)’:
../interpreter.cpp:13:15: warning: reference to local variable ‘result’ returned [-Wreturn-local-addr]
   std::string result( s );
               ^
../interpreter.cpp: In member function ‘double Statement::findValue(char*)’:
../interpreter.cpp:28:36: warning: deprecated conversion from string constant to ‘char*’ [-Wwrite-strings]
  else issueError("Unknown variable");
                                    ^
../interpreter.cpp: In member function ‘void Statement::readId(char*)’:
../interpreter.cpp:59:39: warning: deprecated conversion from string constant to ‘char*’ [-Wwrite-strings]
  else issueError("Identifier expected");
                                       ^
../interpreter.cpp: In member function ‘double Statement::factor()’:
../interpreter.cpp:81:48: warning: deprecated conversion from string constant to ‘char*’ [-Wwrite-strings]
   else issueError("Right parenthesize left out");
                                                ^
../interpreter.cpp: In member function ‘void Statement::getStatement()’:
../interpreter.cpp:149:56: warning: deprecated conversion from string constant to ‘char*’ [-Wwrite-strings]
     issueError("There are some extras in the statement");
                                                        ^
../interpreter.cpp:152:35: warning: deprecated conversion from string constant to ‘char*’ [-Wwrite-strings]
   else issueError("'=' is missing");
                                   ^
../interpreter.cpp: In function ‘std::ostream& operator<<(std::ostream&, const Statement&)’:
../interpreter.cpp:157:44: error: conversion from ‘std::list<IdNode>::const_iterator {aka std::_List_const_iterator<IdNode>}’ to non-scalar type ‘std::list<IdNode>::iterator {aka std::_List_iterator<IdNode>}’ requested
  list<IdNode>::iterator i = s.idList.begin();
                                            ^
make: *** [interpreter.o] Error 1
12:58:36 **** Incremental Build of configuration Debug for project Figure5-20-interpreter ****
make all 
Building file: ../interpreter.cpp
Invoking: GCC C++ Compiler
g++ -O0 -g3 -Wall -c -fmessage-length=0 -MMD -MP -MF"interpreter.d" -MT"interpreter.d" -o "interpreter.o" "../interpreter.cpp"
In file included from ../interpreter.cpp:9:0:
../interpreter.h:20:19: warning: deprecated conversion from string constant to ‘char*’ [-Wwrite-strings]
  IdNode(char *s = "", double e = 0) {
                   ^
../interpreter.cpp: In function ‘std::string& stoupper(const string&)’:
../interpreter.cpp:13:15: warning: reference to local variable ‘result’ returned [-Wreturn-local-addr]
   std::string result( s );
               ^
../interpreter.cpp: In member function ‘double Statement::findValue(char*)’:
../interpreter.cpp:28:36: warning: deprecated conversion from string constant to ‘char*’ [-Wwrite-strings]
  else issueError("Unknown variable");
                                    ^
../interpreter.cpp: In member function ‘void Statement::readId(char*)’:
../interpreter.cpp:59:39: warning: deprecated conversion from string constant to ‘char*’ [-Wwrite-strings]
  else issueError("Identifier expected");
                                       ^
../interpreter.cpp: In member function ‘double Statement::factor()’:
../interpreter.cpp:81:48: warning: deprecated conversion from string constant to ‘char*’ [-Wwrite-strings]
   else issueError("Right parenthesize left out");
                                                ^
../interpreter.cpp: In member function ‘void Statement::getStatement()’:
../interpreter.cpp:149:56: warning: deprecated conversion from string constant to ‘char*’ [-Wwrite-strings]
     issueError("There are some extras in the statement");
                                                        ^
../interpreter.cpp:152:35: warning: deprecated conversion from string constant to ‘char*’ [-Wwrite-strings]
   else issueError("'=' is missing");
                                   ^
Finished building: ../interpreter.cpp
 
Building file: ../useInterpreter.cpp
Invoking: GCC C++ Compiler
g++ -O0 -g3 -Wall -c -fmessage-length=0 -MMD -MP -MF"useInterpreter.d" -MT"useInterpreter.d" -o "useInterpreter.o" "../useInterpreter.cpp"
In file included from ../useInterpreter.cpp:9:0:
../interpreter.h:20:19: warning: deprecated conversion from string constant to ‘char*’ [-Wwrite-strings]
  IdNode(char *s = "", double e = 0) {
                   ^
Finished building: ../useInterpreter.cpp
 
Building target: Figure5-20-interpreter
Invoking: GCC C++ Linker
g++  -o "Figure5-20-interpreter"  ./interpreter.o ./useInterpreter.o   
Finished building target: Figure5-20-interpreter
 
13:01:23 **** Incremental Build of configuration Debug for project Figure5-20-interpreter ****
make all 
Building file: ../useInterpreter.cpp
Invoking: GCC C++ Compiler
g++ -O0 -g3 -Wall -c -fmessage-length=0 -MMD -MP -MF"useInterpreter.d" -MT"useInterpreter.d" -o "useInterpreter.o" "../useInterpreter.cpp"
In file included from ../useInterpreter.cpp:9:0:
../interpreter.h:20:19: warning: deprecated conversion from string constant to ‘char*’ [-Wwrite-strings]
  IdNode(char *s = "", double e = 0) {
                   ^
Finished building: ../useInterpreter.cpp
 
Building target: Figure5-20-interpreter
Invoking: GCC C++ Linker
g++  -o "Figure5-20-interpreter"  ./interpreter.o ./useInterpreter.o   
Finished building target: Figure5-20-interpreter
 
13:01:53 **** Incremental Build of configuration Debug for project Figure5-20-interpreter ****
make all 
make: Nothing to be done for `all'.
13:02:13 **** Incremental Build of configuration Debug for project Figure5-20-interpreter ****
make all 
make: Nothing to be done for `all'.
